PEDIDOSONLINE.exe: 00006E80: 08:41:07 [TUniServerModule]:Shutting Down Server.
PEDIDOSONLINE.exe: 00006E80: 08:41:07 [TUniServerModule]:HTTP Server Stopped.
PEDIDOSONLINE.exe: 00006E80: 08:41:07 [TUniGUISessionManager]:Terminating Session manager.
PEDIDOSONLINE.exe: 00006E80: 08:41:07 [TUniGUISessionManager]:Stopping Cache Eraser...
PEDIDOSONLINE.exe: 00006E80: 08:41:07 [TUniGUISessionManager]:Cache Eraser Stopped.
PEDIDOSONLINE.exe: 00006E80: 08:41:07 [TUniGUISessionManager]:Destroying Worker Threads.
PEDIDOSONLINE.exe: 00006E80: 08:41:07 [TUniGUISessionManager]:Session manager terminated.
PEDIDOSONLINE.exe: 00006E80: 08:41:07 [TUniServerModule]:Server Shutdown Completed.
PEDIDOSONLINE.exe: 00006E80: 08:41:07 []:<-------------------------------------------------------------->
PEDIDOSONLINE.exe: 00006E80: 08:41:07 [Terminated]:Exit Code: 0
PEDIDOSONLINE.exe: 000062E0: 08:43:34 []:>--------------------------------------------------------------<
PEDIDOSONLINE.exe: 000062E0: 08:43:34 [TUniServerModule]:Server First Init.
PEDIDOSONLINE.exe: 000062E0: 08:43:34 [TUniServerModule]:Erasing Cache Folder...
PEDIDOSONLINE.exe: 000062E0: 08:43:34 [TUniServerModule]:Cache Folder Erased. <0> Files deleted.
PEDIDOSONLINE.exe: 000062E0: 08:43:35 [TUniServerModule]:Starting HTTP Server...
PEDIDOSONLINE.exe: 000062E0: 08:43:35 [TUniServerModule]:HTTP Server Started. Port: 8077
PEDIDOSONLINE.exe: 000062E0: 10:11:08 [TUniServerModule]:Shutting Down Server.
PEDIDOSONLINE.exe: 000062E0: 10:11:09 [TUniServerModule]:HTTP Server Stopped.
PEDIDOSONLINE.exe: 000062E0: 10:11:09 [TUniGUISessionManager]:Terminating Session manager.
PEDIDOSONLINE.exe: 000062E0: 10:11:09 [TUniGUISessionManager]:Stopping Cache Eraser...
PEDIDOSONLINE.exe: 000062E0: 10:11:09 [TUniGUISessionManager]:Cache Eraser Stopped.
PEDIDOSONLINE.exe: 000062E0: 10:11:09 [TUniGUISessionManager]:Destroying Worker Threads.
PEDIDOSONLINE.exe: 000062E0: 10:11:09 [TUniGUISessionManager]:Session manager terminated.
PEDIDOSONLINE.exe: 000062E0: 10:11:09 [TUniServerModule]:Server Shutdown Completed.
PEDIDOSONLINE.exe: 000062E0: 10:11:09 []:<-------------------------------------------------------------->
PEDIDOSONLINE.exe: 000062E0: 10:11:09 [Terminated]:Exit Code: 0
PEDIDOSONLINE.exe: 00003B84: 10:12:06 []:>--------------------------------------------------------------<
PEDIDOSONLINE.exe: 00003B84: 10:12:06 [TUniServerModule]:Server First Init.
PEDIDOSONLINE.exe: 00003B84: 10:12:06 [TUniServerModule]:Debug Mode = ON
PEDIDOSONLINE.exe: 00003B84: 10:12:06 [TUniServerModule]:Erasing Cache Folder...
PEDIDOSONLINE.exe: 00003B84: 10:12:06 [TUniServerModule]:Cache Folder Erased. <0> Files deleted.
PEDIDOSONLINE.exe: 00003B84: 10:12:07 [TUniServerModule]:Starting HTTP Server...
PEDIDOSONLINE.exe: 00003B84: 10:12:07 [TUniServerModule]:HTTP Server Started. Port: 8077
PEDIDOSONLINE.exe: 0000739C: 10:16:41 []:>--------------------------------------------------------------<
PEDIDOSONLINE.exe: 0000739C: 10:16:41 [TUniServerModule]:Server First Init.
PEDIDOSONLINE.exe: 0000739C: 10:16:41 [TUniServerModule]:Debug Mode = ON
PEDIDOSONLINE.exe: 0000739C: 10:16:41 [TUniServerModule]:Erasing Cache Folder...
PEDIDOSONLINE.exe: 0000739C: 10:16:41 [TUniServerModule]:Cache Folder Erased. <21> Files deleted.
PEDIDOSONLINE.exe: 0000739C: 10:16:41 [TUniServerModule]:Starting HTTP Server...
PEDIDOSONLINE.exe: 0000739C: 10:16:42 [TUniServerModule]:HTTP Server Started. Port: 8077
PEDIDOSONLINE.exe: 00000BD4: 10:17:31 [127.0.0.1]:EUniSessionException : Sessão Inválida : Addr: $007EAD35
PEDIDOSONLINE.exe: 00001E20: 10:17:33 [127.0.0.1]:EUniSessionException : Sessão Inválida : Addr: $007EAD35
PEDIDOSONLINE.exe: 00007304: 10:58:34 []:>--------------------------------------------------------------<
PEDIDOSONLINE.exe: 00007304: 10:58:34 [TUniServerModule]:Server First Init.
PEDIDOSONLINE.exe: 00007304: 10:58:34 [TUniServerModule]:Erasing Cache Folder...
PEDIDOSONLINE.exe: 00007304: 10:58:34 [TUniServerModule]:Cache Folder Erased. <10> Files deleted.
PEDIDOSONLINE.exe: 00007304: 10:58:34 [TUniServerModule]:Starting HTTP Server...
PEDIDOSONLINE.exe: 00007304: 10:58:34 [TUniServerModule]:HTTP Server Started. Port: 8077
PEDIDOSONLINE.exe: 00007304: 12:38:15 [TUniServerModule]:Shutting Down Server.
PEDIDOSONLINE.exe: 00007304: 12:38:16 [TUniServerModule]:HTTP Server Stopped.
PEDIDOSONLINE.exe: 00007304: 12:38:16 [TUniGUISessionManager]:Terminating Session manager.
PEDIDOSONLINE.exe: 00007304: 12:38:16 [TUniGUISessionManager]:Stopping Cache Eraser...
PEDIDOSONLINE.exe: 00007304: 12:38:16 [TUniGUISessionManager]:Cache Eraser Stopped.
PEDIDOSONLINE.exe: 00007304: 12:38:16 [TUniGUISessionManager]:Destroying Worker Threads.
PEDIDOSONLINE.exe: 00007304: 12:38:16 [TUniGUISessionManager]:Session manager terminated.
PEDIDOSONLINE.exe: 00007304: 12:38:16 [TUniServerModule]:Server Shutdown Completed.
PEDIDOSONLINE.exe: 00007304: 12:38:16 []:<-------------------------------------------------------------->
PEDIDOSONLINE.exe: 00007304: 12:38:16 [Terminated]:Exit Code: 0
PEDIDOSONLINE.exe: 000025FC: 13:33:59 []:>--------------------------------------------------------------<
PEDIDOSONLINE.exe: 000025FC: 13:33:59 [TUniServerModule]:Server First Init.
PEDIDOSONLINE.exe: 000025FC: 13:33:59 [TUniServerModule]:Debug Mode = ON
PEDIDOSONLINE.exe: 000025FC: 13:33:59 [TUniServerModule]:Erasing Cache Folder...
PEDIDOSONLINE.exe: 000025FC: 13:33:59 [TUniServerModule]:Cache Folder Erased. <0> Files deleted.
PEDIDOSONLINE.exe: 000025FC: 13:33:59 [TUniServerModule]:Starting HTTP Server...
PEDIDOSONLINE.exe: 000025FC: 13:33:59 [TUniServerModule]:HTTP Server Started. Port: 8077
PEDIDOSONLINE.exe: 00001AB4: 13:34:03 [127.0.0.1]:EUniSessionException : Sessão Inválida : Addr: $007EAE41
PEDIDOSONLINE.exe: 00000ABC: 13:34:40 []:>--------------------------------------------------------------<
PEDIDOSONLINE.exe: 00000ABC: 13:34:40 [TUniServerModule]:Server First Init.
PEDIDOSONLINE.exe: 00000ABC: 13:34:40 [TUniServerModule]:Debug Mode = ON
PEDIDOSONLINE.exe: 00000ABC: 13:34:40 [TUniServerModule]:Erasing Cache Folder...
PEDIDOSONLINE.exe: 00000ABC: 13:34:40 [TUniServerModule]:Cache Folder Erased. <2> Files deleted.
PEDIDOSONLINE.exe: 00000ABC: 13:34:41 [TUniServerModule]:Starting HTTP Server...
PEDIDOSONLINE.exe: 00000ABC: 13:34:41 [TUniServerModule]:HTTP Server Started. Port: 8077
PEDIDOSONLINE.exe: 0000658C: 13:35:35 []:>--------------------------------------------------------------<
PEDIDOSONLINE.exe: 0000658C: 13:35:35 [TUniServerModule]:Server First Init.
PEDIDOSONLINE.exe: 0000658C: 13:35:35 [TUniServerModule]:Debug Mode = ON
PEDIDOSONLINE.exe: 0000658C: 13:35:35 [TUniServerModule]:Erasing Cache Folder...
PEDIDOSONLINE.exe: 0000658C: 13:35:35 [TUniServerModule]:Cache Folder Erased. <11> Files deleted.
PEDIDOSONLINE.exe: 0000658C: 13:35:36 [TUniServerModule]:Starting HTTP Server...
PEDIDOSONLINE.exe: 0000658C: 13:35:36 [TUniServerModule]:HTTP Server Started. Port: 8077
PEDIDOSONLINE.exe: 00001A1C: 13:36:46 []:>--------------------------------------------------------------<
PEDIDOSONLINE.exe: 00001A1C: 13:36:46 [TUniServerModule]:Server First Init.
PEDIDOSONLINE.exe: 00001A1C: 13:36:46 [TUniServerModule]:Debug Mode = ON
PEDIDOSONLINE.exe: 00001A1C: 13:36:46 [TUniServerModule]:Erasing Cache Folder...
PEDIDOSONLINE.exe: 00001A1C: 13:36:46 [TUniServerModule]:Cache Folder Erased. <6> Files deleted.
PEDIDOSONLINE.exe: 00001A1C: 13:36:47 [TUniServerModule]:Starting HTTP Server...
PEDIDOSONLINE.exe: 00001A1C: 13:36:47 [TUniServerModule]:HTTP Server Started. Port: 8077
PEDIDOSONLINE.exe: 00002E2C: 13:41:46 []:>--------------------------------------------------------------<
PEDIDOSONLINE.exe: 00002E2C: 13:41:46 [TUniServerModule]:Server First Init.
PEDIDOSONLINE.exe: 00002E2C: 13:41:46 [TUniServerModule]:Debug Mode = ON
PEDIDOSONLINE.exe: 00002E2C: 13:41:46 [TUniServerModule]:Erasing Cache Folder...
PEDIDOSONLINE.exe: 00002E2C: 13:41:46 [TUniServerModule]:Cache Folder Erased. <16> Files deleted.
PEDIDOSONLINE.exe: 00002E2C: 13:41:47 [TUniServerModule]:Starting HTTP Server...
PEDIDOSONLINE.exe: 00002E2C: 13:41:47 [TUniServerModule]:HTTP Server Started. Port: 8077
PEDIDOSONLINE.exe: 00005E80: 13:41:48 [127.0.0.1]:EUniSessionException : Sessão Inválida : Addr: $007EAE41
PEDIDOSONLINE.exe: 00007728: 13:56:15 []:>--------------------------------------------------------------<
PEDIDOSONLINE.exe: 00007728: 13:56:15 [TUniServerModule]:Server First Init.
PEDIDOSONLINE.exe: 00007728: 13:56:15 [TUniServerModule]:Debug Mode = ON
PEDIDOSONLINE.exe: 00007728: 13:56:15 [TUniServerModule]:Erasing Cache Folder...
PEDIDOSONLINE.exe: 00007728: 13:56:15 [TUniServerModule]:Cache Folder Erased. <6> Files deleted.
PEDIDOSONLINE.exe: 00007728: 13:56:16 [TUniServerModule]:Starting HTTP Server...
PEDIDOSONLINE.exe: 00007728: 13:56:17 [TUniServerModule]:HTTP Server Started. Port: 8077
PEDIDOSONLINE.exe: 0000704C: 13:57:13 []:>--------------------------------------------------------------<
PEDIDOSONLINE.exe: 0000704C: 13:57:13 [TUniServerModule]:Server First Init.
PEDIDOSONLINE.exe: 0000704C: 13:57:13 [TUniServerModule]:Debug Mode = ON
PEDIDOSONLINE.exe: 0000704C: 13:57:13 [TUniServerModule]:Erasing Cache Folder...
PEDIDOSONLINE.exe: 0000704C: 13:57:13 [TUniServerModule]:Cache Folder Erased. <10> Files deleted.
PEDIDOSONLINE.exe: 0000704C: 13:57:14 [TUniServerModule]:Starting HTTP Server...
PEDIDOSONLINE.exe: 0000704C: 13:57:14 [TUniServerModule]:HTTP Server Started. Port: 8077
PEDIDOSONLINE.exe: 00003DD0: 14:00:14 [HandleFileRequest[127.0.0.1]]:File not found: C:\Users\anderson.ti\Desktop\Desktop\Projetos Delphi\PEDIDOSONLINE\favicon.ico
PEDIDOSONLINE.exe: 00002738: 14:03:50 []:>--------------------------------------------------------------<
PEDIDOSONLINE.exe: 00002738: 14:03:50 [TUniServerModule]:Server First Init.
PEDIDOSONLINE.exe: 00002738: 14:03:50 [TUniServerModule]:Debug Mode = ON
PEDIDOSONLINE.exe: 00002738: 14:03:50 [TUniServerModule]:Erasing Cache Folder...
PEDIDOSONLINE.exe: 00002738: 14:03:50 [TUniServerModule]:Cache Folder Erased. <21> Files deleted.
PEDIDOSONLINE.exe: 00002738: 14:03:51 [TUniServerModule]:Starting HTTP Server...
PEDIDOSONLINE.exe: 00002738: 14:03:51 [TUniServerModule]:HTTP Server Started. Port: 8077
PEDIDOSONLINE.exe: 00003F94: 14:08:37 []:>--------------------------------------------------------------<
PEDIDOSONLINE.exe: 00003F94: 14:08:37 [TUniServerModule]:Server First Init.
PEDIDOSONLINE.exe: 00003F94: 14:08:37 [TUniServerModule]:Debug Mode = ON
PEDIDOSONLINE.exe: 00003F94: 14:08:37 [TUniServerModule]:Erasing Cache Folder...
PEDIDOSONLINE.exe: 00003F94: 14:08:37 [TUniServerModule]:Cache Folder Erased. <26> Files deleted.
PEDIDOSONLINE.exe: 00003F94: 14:08:38 [TUniServerModule]:Starting HTTP Server...
PEDIDOSONLINE.exe: 00003F94: 14:08:38 [TUniServerModule]:HTTP Server Started. Port: 8077
PEDIDOSONLINE.exe: 0000321C: 14:14:14 []:>--------------------------------------------------------------<
PEDIDOSONLINE.exe: 0000321C: 14:14:14 [TUniServerModule]:Server First Init.
PEDIDOSONLINE.exe: 0000321C: 14:14:14 [TUniServerModule]:Erasing Cache Folder...
PEDIDOSONLINE.exe: 0000321C: 14:14:14 [TUniServerModule]:Cache Folder Erased. <21> Files deleted.
PEDIDOSONLINE.exe: 0000321C: 14:14:15 [TUniServerModule]:Starting HTTP Server...
PEDIDOSONLINE.exe: 0000321C: 14:14:15 [TUniServerModule]:HTTP Server Started. Port: 8077
PEDIDOSONLINE.exe: 00001D3C: 14:14:22 [127.0.0.1]:EUniSessionException : Sessão Inválida : Addr: $007EAE41
PEDIDOSONLINE.exe: 00006F64: 14:16:45 [127.0.0.1]:EUniSessionException : Sessão Inválida : Addr: $007EAE41
PEDIDOSONLINE.exe: 0000321C: 14:17:23 [TUniServerModule]:Shutting Down Server.
PEDIDOSONLINE.exe: 0000321C: 14:17:24 [TUniServerModule]:HTTP Server Stopped.
PEDIDOSONLINE.exe: 0000321C: 14:17:24 [TUniGUISessionManager]:Terminating Session manager.
PEDIDOSONLINE.exe: 0000321C: 14:17:24 [TUniGUISessionManager]:Stopping Cache Eraser...
PEDIDOSONLINE.exe: 0000321C: 14:17:24 [TUniGUISessionManager]:Cache Eraser Stopped.
PEDIDOSONLINE.exe: 0000321C: 14:17:24 [TUniGUISessionManager]:Destroying Worker Threads.
PEDIDOSONLINE.exe: 0000321C: 14:17:24 [TUniGUISessionManager]:Session manager terminated.
PEDIDOSONLINE.exe: 0000321C: 14:17:24 [TUniServerModule]:Server Shutdown Completed.
PEDIDOSONLINE.exe: 0000321C: 14:17:24 []:<-------------------------------------------------------------->
PEDIDOSONLINE.exe: 0000321C: 14:17:24 [Terminated]:Exit Code: 0
PEDIDOSONLINE.exe: 00002A60: 14:17:46 []:>--------------------------------------------------------------<
PEDIDOSONLINE.exe: 00002A60: 14:17:46 [TUniServerModule]:Server First Init.
PEDIDOSONLINE.exe: 00002A60: 14:17:46 [TUniServerModule]:Debug Mode = ON
PEDIDOSONLINE.exe: 00002A60: 14:17:46 [TUniServerModule]:Erasing Cache Folder...
PEDIDOSONLINE.exe: 00002A60: 14:17:46 [TUniServerModule]:Cache Folder Erased. <0> Files deleted.
PEDIDOSONLINE.exe: 00002A60: 14:17:47 [TUniServerModule]:Starting HTTP Server...
PEDIDOSONLINE.exe: 00002A60: 14:17:47 [TUniServerModule]:HTTP Server Started. Port: 8077
PEDIDOSONLINE.exe: 000036B8: 14:19:08 []:>--------------------------------------------------------------<
PEDIDOSONLINE.exe: 000036B8: 14:19:08 [TUniServerModule]:Server First Init.
PEDIDOSONLINE.exe: 000036B8: 14:19:08 [TUniServerModule]:Debug Mode = ON
PEDIDOSONLINE.exe: 000036B8: 14:19:08 [TUniServerModule]:Erasing Cache Folder...
PEDIDOSONLINE.exe: 000036B8: 14:19:08 [TUniServerModule]:Cache Folder Erased. <6> Files deleted.
PEDIDOSONLINE.exe: 000036B8: 14:19:10 [TUniServerModule]:Starting HTTP Server...
PEDIDOSONLINE.exe: 000036B8: 14:19:10 [TUniServerModule]:HTTP Server Started. Port: 8077
PEDIDOSONLINE.exe: 0000393C: 14:26:11 []:>--------------------------------------------------------------<
PEDIDOSONLINE.exe: 0000393C: 14:26:11 [TUniServerModule]:Server First Init.
PEDIDOSONLINE.exe: 0000393C: 14:26:11 [TUniServerModule]:Debug Mode = ON
PEDIDOSONLINE.exe: 0000393C: 14:26:11 [TUniServerModule]:Erasing Cache Folder...
PEDIDOSONLINE.exe: 0000393C: 14:26:11 [TUniServerModule]:Cache Folder Erased. <22> Files deleted.
PEDIDOSONLINE.exe: 0000393C: 14:26:12 [TUniServerModule]:Starting HTTP Server...
PEDIDOSONLINE.exe: 0000393C: 14:26:13 [TUniServerModule]:HTTP Server Started. Port: 8077
PEDIDOSONLINE.exe: 00001D88: 14:29:33 []:>--------------------------------------------------------------<
PEDIDOSONLINE.exe: 00001D88: 14:29:33 [TUniServerModule]:Server First Init.
PEDIDOSONLINE.exe: 00001D88: 14:29:33 [TUniServerModule]:Erasing Cache Folder...
PEDIDOSONLINE.exe: 00001D88: 14:29:33 [TUniServerModule]:Cache Folder Erased. <12> Files deleted.
PEDIDOSONLINE.exe: 00001D88: 14:29:34 [TUniServerModule]:Starting HTTP Server...
PEDIDOSONLINE.exe: 00001D88: 14:29:34 [TUniServerModule]:HTTP Server Started. Port: 8077
PEDIDOSONLINE.exe: 00007368: 14:29:39 [127.0.0.1]:EUniSessionException : Sessão Inválida : Addr: $007EAE41
PEDIDOSONLINE.exe: 00007368: 14:29:41 [127.0.0.1]:EUniSessionException : Sessão Inválida : Addr: $007EAE41
PEDIDOSONLINE.exe: 00001D88: 14:37:25 [TUniServerModule]:Shutting Down Server.
PEDIDOSONLINE.exe: 00007368: 14:37:26 [Indy]:EIdNotConnected : Not Connected : Addr: $007000F2
PEDIDOSONLINE.exe: 000027D8: 14:37:26 [Indy]:EIdNotConnected : Not Connected : Addr: $007000F2
PEDIDOSONLINE.exe: 00001D88: 14:37:26 [TUniServerModule]:HTTP Server Stopped.
PEDIDOSONLINE.exe: 00001D88: 14:37:26 [TUniGUISessionManager]:Terminating Session manager.
PEDIDOSONLINE.exe: 00001D88: 14:37:26 [TUniGUISessionManager]:Stopping Cache Eraser...
PEDIDOSONLINE.exe: 00001D88: 14:37:26 [TUniGUISessionManager]:Cache Eraser Stopped.
PEDIDOSONLINE.exe: 00001D88: 14:37:27 [TUniGUISessionManager]:Destroying Worker Threads.
PEDIDOSONLINE.exe: 00001D88: 14:37:27 [TUniGUISessionManager]:Session manager terminated.
PEDIDOSONLINE.exe: 00001D88: 14:37:27 [TUniServerModule]:Server Shutdown Completed.
PEDIDOSONLINE.exe: 00001D88: 14:37:27 []:<-------------------------------------------------------------->
PEDIDOSONLINE.exe: 00001D88: 14:37:27 [Terminated]:Exit Code: 0
PEDIDOSONLINE.exe: 000021A8: 14:37:44 []:>--------------------------------------------------------------<
PEDIDOSONLINE.exe: 000021A8: 14:37:44 [TUniServerModule]:Server First Init.
PEDIDOSONLINE.exe: 000021A8: 14:37:44 [TUniServerModule]:Debug Mode = ON
PEDIDOSONLINE.exe: 000021A8: 14:37:44 [TUniServerModule]:Erasing Cache Folder...
PEDIDOSONLINE.exe: 000021A8: 14:37:44 [TUniServerModule]:Cache Folder Erased. <0> Files deleted.
PEDIDOSONLINE.exe: 000021A8: 14:37:45 [TUniServerModule]:Starting HTTP Server...
PEDIDOSONLINE.exe: 000021A8: 14:37:45 [TUniServerModule]:HTTP Server Started. Port: 8077
PEDIDOSONLINE.exe: 00003370: 14:37:54 [127.0.0.1]:EUniSessionException : Sessão Inválida : Addr: $007EAE41
PEDIDOSONLINE.exe: 000045A0: 14:37:57 [127.0.0.1]:EUniSessionException : Sessão Inválida : Addr: $007EAE41
PEDIDOSONLINE.exe: 00006BD0: 14:39:26 []:>--------------------------------------------------------------<
PEDIDOSONLINE.exe: 00006BD0: 14:39:26 [TUniServerModule]:Server First Init.
PEDIDOSONLINE.exe: 00006BD0: 14:39:26 [TUniServerModule]:Debug Mode = ON
PEDIDOSONLINE.exe: 00006BD0: 14:39:26 [TUniServerModule]:Erasing Cache Folder...
PEDIDOSONLINE.exe: 00006BD0: 14:39:26 [TUniServerModule]:Cache Folder Erased. <1> Files deleted.
PEDIDOSONLINE.exe: 00006BD0: 14:39:27 [TUniServerModule]:Starting HTTP Server...
PEDIDOSONLINE.exe: 00006BD0: 14:39:27 [TUniServerModule]:HTTP Server Started. Port: 8077
PEDIDOSONLINE.exe: 00004ADC: 14:40:10 [Dynamic SQL Error
SQL error code = -104
Token unknown - line 1, column 1
codigo-127.0.0.1]:EIBInterBaseError : Dynamic SQL Error
SQL error code = -104
Token unknown - line 1, column 1
codigo : Addr: $0094394B
PEDIDOSONLINE.exe: 00002950: 14:41:44 []:>--------------------------------------------------------------<
PEDIDOSONLINE.exe: 00002950: 14:41:44 [TUniServerModule]:Server First Init.
PEDIDOSONLINE.exe: 00002950: 14:41:44 [TUniServerModule]:Debug Mode = ON
PEDIDOSONLINE.exe: 00002950: 14:41:44 [TUniServerModule]:Erasing Cache Folder...
PEDIDOSONLINE.exe: 00002950: 14:41:44 [TUniServerModule]:Cache Folder Erased. <21> Files deleted.
PEDIDOSONLINE.exe: 00002950: 14:41:45 [TUniServerModule]:Starting HTTP Server...
PEDIDOSONLINE.exe: 00002950: 14:41:46 [TUniServerModule]:HTTP Server Started. Port: 8077
PEDIDOSONLINE.exe: 0000406C: 14:41:46 [127.0.0.1]:EUniSessionException : Sessão Inválida : Addr: $007EAE41
PEDIDOSONLINE.exe: 00002728: 14:41:46 [127.0.0.1]:EUniSessionException : Sessão Inválida : Addr: $007EAE41
PEDIDOSONLINE.exe: 00004BE0: 14:41:46 [127.0.0.1]:EUniSessionException : Sessão Inválida : Addr: $007EAE41
PEDIDOSONLINE.exe: 00001DF0: 16:20:09 []:>--------------------------------------------------------------<
PEDIDOSONLINE.exe: 00001DF0: 16:20:09 [TUniServerModule]:Server First Init.
PEDIDOSONLINE.exe: 00001DF0: 16:20:09 [TUniServerModule]:Erasing Cache Folder...
PEDIDOSONLINE.exe: 00001DF0: 16:20:09 [TUniServerModule]:Cache Folder Erased. <5> Files deleted.
PEDIDOSONLINE.exe: 00001DF0: 16:20:11 [TUniServerModule]:Starting HTTP Server...
PEDIDOSONLINE.exe: 00001DF0: 16:20:11 [TUniServerModule]:HTTP Server Started. Port: 8077
PEDIDOSONLINE.exe: 00001DF0: 16:21:59 [TUniServerModule]:Shutting Down Server.
PEDIDOSONLINE.exe: 00001DF0: 16:21:59 [TUniServerModule]:HTTP Server Stopped.
PEDIDOSONLINE.exe: 00001DF0: 16:21:59 [TUniGUISessionManager]:Terminating Session manager.
PEDIDOSONLINE.exe: 00001DF0: 16:21:59 [TUniGUISessionManager]:Stopping Cache Eraser...
PEDIDOSONLINE.exe: 00001DF0: 16:21:59 [TUniGUISessionManager]:Cache Eraser Stopped.
PEDIDOSONLINE.exe: 00004ABC: 16:32:25 []:>--------------------------------------------------------------<
PEDIDOSONLINE.exe: 00004ABC: 16:32:25 [TUniServerModule]:Server First Init.
PEDIDOSONLINE.exe: 00004ABC: 16:32:25 [TUniServerModule]:Debug Mode = ON
PEDIDOSONLINE.exe: 00004ABC: 16:32:25 [TUniServerModule]:Erasing Cache Folder...
PEDIDOSONLINE.exe: 00004ABC: 16:32:25 [TUniServerModule]:Cache Folder Erased. <15> Files deleted.
PEDIDOSONLINE.exe: 00004ABC: 16:32:25 [TUniServerModule]:Starting HTTP Server...
PEDIDOSONLINE.exe: 00004ABC: 16:32:25 [TUniServerModule]:HTTP Server Started. Port: 8077
PEDIDOSONLINE.exe: 00002B50: 16:34:15 []:>--------------------------------------------------------------<
PEDIDOSONLINE.exe: 00002B50: 16:34:15 [TUniServerModule]:Server First Init.
PEDIDOSONLINE.exe: 00002B50: 16:34:15 [TUniServerModule]:Erasing Cache Folder...
PEDIDOSONLINE.exe: 00002B50: 16:34:15 [TUniServerModule]:Cache Folder Erased. <11> Files deleted.
PEDIDOSONLINE.exe: 00002B50: 16:34:15 [TUniServerModule]:Starting HTTP Server...
PEDIDOSONLINE.exe: 00002B50: 16:34:15 [TUniServerModule]:HTTP Server Started. Port: 8077
PEDIDOSONLINE.exe: 00002B50: 16:35:18 [TUniServerModule]:Shutting Down Server.
PEDIDOSONLINE.exe: 00002B50: 16:35:18 [TUniServerModule]:HTTP Server Stopped.
PEDIDOSONLINE.exe: 00002B50: 16:35:18 [TUniGUISessionManager]:Terminating Session manager.
PEDIDOSONLINE.exe: 00002B50: 16:35:18 [TUniGUISessionManager]:Stopping Cache Eraser...
PEDIDOSONLINE.exe: 00002B50: 16:35:18 [TUniGUISessionManager]:Cache Eraser Stopped.
PEDIDOSONLINE.exe: 00002B50: 16:35:18 [TUniGUISessionManager]:Destroying Worker Threads.
PEDIDOSONLINE.exe: 00002B50: 16:35:18 [TUniGUISessionManager]:Session manager terminated.
PEDIDOSONLINE.exe: 00002B50: 16:35:18 [TUniServerModule]:Server Shutdown Completed.
PEDIDOSONLINE.exe: 00002B50: 16:35:18 []:<-------------------------------------------------------------->
PEDIDOSONLINE.exe: 00002B50: 16:35:18 [Terminated]:Exit Code: 0
PEDIDOSONLINE.exe: 000038A4: 16:36:04 []:>--------------------------------------------------------------<
PEDIDOSONLINE.exe: 000038A4: 16:36:04 [TUniServerModule]:Server First Init.
PEDIDOSONLINE.exe: 000038A4: 16:36:04 [TUniServerModule]:Erasing Cache Folder...
PEDIDOSONLINE.exe: 000038A4: 16:36:04 [TUniServerModule]:Cache Folder Erased. <0> Files deleted.
PEDIDOSONLINE.exe: 000038A4: 16:36:04 [TUniServerModule]:Starting HTTP Server...
PEDIDOSONLINE.exe: 000038A4: 16:36:04 [TUniServerModule]:HTTP Server Started. Port: 8077
PEDIDOSONLINE.exe: 000038A4: 16:36:40 [TUniServerModule]:Shutting Down Server.
PEDIDOSONLINE.exe: 000038A4: 16:36:40 [TUniServerModule]:HTTP Server Stopped.
PEDIDOSONLINE.exe: 000038A4: 16:36:40 [TUniGUISessionManager]:Terminating Session manager.
PEDIDOSONLINE.exe: 000038A4: 16:36:40 [TUniGUISessionManager]:Stopping Cache Eraser...
PEDIDOSONLINE.exe: 000038A4: 16:36:40 [TUniGUISessionManager]:Cache Eraser Stopped.
PEDIDOSONLINE.exe: 000038A4: 16:36:40 [TUniGUISessionManager]:Destroying Worker Threads.
PEDIDOSONLINE.exe: 000038A4: 16:36:40 [TUniGUISessionManager]:Session manager terminated.
PEDIDOSONLINE.exe: 000038A4: 16:36:40 [TUniServerModule]:Server Shutdown Completed.
PEDIDOSONLINE.exe: 000038A4: 16:36:40 []:<-------------------------------------------------------------->
PEDIDOSONLINE.exe: 000038A4: 16:36:40 [Terminated]:Exit Code: 0
PEDIDOSONLINE.exe: 000012AC: 16:37:26 []:>--------------------------------------------------------------<
PEDIDOSONLINE.exe: 000012AC: 16:37:26 [TUniServerModule]:Server First Init.
PEDIDOSONLINE.exe: 000012AC: 16:37:26 [TUniServerModule]:Debug Mode = ON
PEDIDOSONLINE.exe: 000012AC: 16:37:26 [TUniServerModule]:Erasing Cache Folder...
PEDIDOSONLINE.exe: 000012AC: 16:37:26 [TUniServerModule]:Cache Folder Erased. <0> Files deleted.
PEDIDOSONLINE.exe: 000012AC: 16:37:26 [TUniServerModule]:Starting HTTP Server...
PEDIDOSONLINE.exe: 000012AC: 16:37:26 [TUniServerModule]:HTTP Server Started. Port: 8077
PEDIDOSONLINE.exe: 00003A9C: 16:40:06 []:>--------------------------------------------------------------<
PEDIDOSONLINE.exe: 00003A9C: 16:40:06 [TUniServerModule]:Server First Init.
PEDIDOSONLINE.exe: 00003A9C: 16:40:06 [TUniServerModule]:Erasing Cache Folder...
PEDIDOSONLINE.exe: 00003A9C: 16:40:06 [TUniServerModule]:Cache Folder Erased. <5> Files deleted.
PEDIDOSONLINE.exe: 00003A9C: 16:40:06 [TUniServerModule]:Starting HTTP Server...
PEDIDOSONLINE.exe: 00003A9C: 16:40:06 [TUniServerModule]:HTTP Server Started. Port: 8077
PEDIDOSONLINE.exe: 0000404C: 16:40:08 [127.0.0.1]:EUniSessionException : Sessão Inválida : Addr: $007EAE41
PEDIDOSONLINE.exe: 0000404C: 16:40:26 [Blocking MessageDlg() can not be called here.-127.0.0.1]:Exception : Blocking MessageDlg() can not be called here. : Addr: $0076C813
PEDIDOSONLINE.exe: 00003A9C: 16:43:54 [TUniServerModule]:Shutting Down Server.
PEDIDOSONLINE.exe: 00003A9C: 16:43:55 [TUniServerModule]:HTTP Server Stopped.
PEDIDOSONLINE.exe: 00003A9C: 16:43:55 [TUniGUISessionManager]:Terminating Session manager.
PEDIDOSONLINE.exe: 00003A9C: 16:43:55 [TUniGUISessionManager]:Stopping Cache Eraser...
PEDIDOSONLINE.exe: 00003A9C: 16:43:55 [TUniGUISessionManager]:Cache Eraser Stopped.
PEDIDOSONLINE.exe: 00003A9C: 16:43:55 [TUniGUISessionManager]:Destroying Worker Threads.
PEDIDOSONLINE.exe: 00003A9C: 16:43:55 [TUniGUISessionManager]:Session manager terminated.
PEDIDOSONLINE.exe: 00003A9C: 16:43:55 [TUniServerModule]:Server Shutdown Completed.
PEDIDOSONLINE.exe: 00003A9C: 16:43:55 []:<-------------------------------------------------------------->
PEDIDOSONLINE.exe: 00003A9C: 16:43:55 [Terminated]:Exit Code: 0
PEDIDOSONLINE.exe: 00007018: 16:44:07 []:>--------------------------------------------------------------<
PEDIDOSONLINE.exe: 00007018: 16:44:07 [TUniServerModule]:Server First Init.
PEDIDOSONLINE.exe: 00007018: 16:44:07 [TUniServerModule]:Erasing Cache Folder...
PEDIDOSONLINE.exe: 00007018: 16:44:07 [TUniServerModule]:Cache Folder Erased. <0> Files deleted.
PEDIDOSONLINE.exe: 00007018: 16:44:07 [TUniServerModule]:Starting HTTP Server...
PEDIDOSONLINE.exe: 00007018: 16:44:07 [TUniServerModule]:HTTP Server Started. Port: 8077
PEDIDOSONLINE.exe: 00004108: 16:46:12 [Blocking MessageDlg() can not be called here.-127.0.0.1]:Exception : Blocking MessageDlg() can not be called here. : Addr: $0076C813
PEDIDOSONLINE.exe: 00007018: 16:46:22 [TUniServerModule]:Shutting Down Server.
PEDIDOSONLINE.exe: 00007018: 16:46:23 [TUniServerModule]:HTTP Server Stopped.
PEDIDOSONLINE.exe: 00007018: 16:46:23 [TUniGUISessionManager]:Terminating Session manager.
PEDIDOSONLINE.exe: 00007018: 16:46:23 [TUniGUISessionManager]:Stopping Cache Eraser...
PEDIDOSONLINE.exe: 00007018: 16:46:23 [TUniGUISessionManager]:Cache Eraser Stopped.
PEDIDOSONLINE.exe: 00000B64: 16:48:42 []:>--------------------------------------------------------------<
PEDIDOSONLINE.exe: 00000B64: 16:48:42 [TUniServerModule]:Server First Init.
PEDIDOSONLINE.exe: 00000B64: 16:48:42 [TUniServerModule]:Debug Mode = ON
PEDIDOSONLINE.exe: 00000B64: 16:48:42 [TUniServerModule]:Erasing Cache Folder...
PEDIDOSONLINE.exe: 00000B64: 16:48:42 [TUniServerModule]:Cache Folder Erased. <8> Files deleted.
PEDIDOSONLINE.exe: 00000B64: 16:48:42 [TUniServerModule]:Starting HTTP Server...
PEDIDOSONLINE.exe: 00000B64: 16:48:42 [TUniServerModule]:HTTP Server Started. Port: 8077
PEDIDOSONLINE.exe: 00003338: 16:49:46 []:>--------------------------------------------------------------<
PEDIDOSONLINE.exe: 00003338: 16:49:46 [TUniServerModule]:Server First Init.
PEDIDOSONLINE.exe: 00003338: 16:49:46 [TUniServerModule]:Debug Mode = ON
PEDIDOSONLINE.exe: 00003338: 16:49:46 [TUniServerModule]:Erasing Cache Folder...
PEDIDOSONLINE.exe: 00003338: 16:49:46 [TUniServerModule]:Cache Folder Erased. <3> Files deleted.
PEDIDOSONLINE.exe: 00003338: 16:49:47 [TUniServerModule]:Starting HTTP Server...
PEDIDOSONLINE.exe: 00003338: 16:49:47 [TUniServerModule]:HTTP Server Started. Port: 8077
PEDIDOSONLINE.exe: 000070FC: 16:52:41 []:>--------------------------------------------------------------<
PEDIDOSONLINE.exe: 000070FC: 16:52:41 [TUniServerModule]:Server First Init.
PEDIDOSONLINE.exe: 000070FC: 16:52:41 [TUniServerModule]:Debug Mode = ON
PEDIDOSONLINE.exe: 000070FC: 16:52:41 [TUniServerModule]:Erasing Cache Folder...
PEDIDOSONLINE.exe: 000070FC: 16:52:41 [TUniServerModule]:Cache Folder Erased. <5> Files deleted.
PEDIDOSONLINE.exe: 000070FC: 16:52:41 [TUniServerModule]:Starting HTTP Server...
PEDIDOSONLINE.exe: 000070FC: 16:52:42 [TUniServerModule]:HTTP Server Started. Port: 8077
