PEDIDOSONLINE.exe: 00000A3C: 20:34:04 []:>--------------------------------------------------------------<
PEDIDOSONLINE.exe: 00000A3C: 20:34:04 [TUniServerModule]:Server First Init.
PEDIDOSONLINE.exe: 00000A3C: 20:34:05 [TUniServerModule]:Erasing Cache Folder...
PEDIDOSONLINE.exe: 00000A3C: 20:34:05 [TUniServerModule]:Cache Folder Erased. <6> Files deleted.
PEDIDOSONLINE.exe: 00000A3C: 20:34:05 [TUniServerModule]:Starting HTTP Server...
PEDIDOSONLINE.exe: 00000A3C: 20:34:06 [TUniServerModule]:HTTP Server Started. Port: 8077
PEDIDOSONLINE.exe: 00001064: 20:34:28 [HandleFileRequest[127.0.0.1]]:File not found: C:\Users\Administrador\Desktop\FARMACE\PEDIDOSONLINE\files\font-awesome\css\fontawesome.min.css
PEDIDOSONLINE.exe: 000032D0: 20:34:35 [HandleFileRequest[127.0.0.1]]:File not found: C:\Users\Administrador\Desktop\FARMACE\PEDIDOSONLINE\files\font-awesome\css\fontawesome.min.css
PEDIDOSONLINE.exe: 00000A3C: 20:43:06 [TUniServerModule]:Shutting Down Server.
PEDIDOSONLINE.exe: 00000A3C: 20:43:07 [TUniServerModule]:HTTP Server Stopped.
PEDIDOSONLINE.exe: 00000A3C: 20:43:07 [TUniGUISessionManager]:Terminating Session manager.
PEDIDOSONLINE.exe: 00000A3C: 20:43:07 [TUniGUISessionManager]:Stopping Cache Eraser...
PEDIDOSONLINE.exe: 00000A3C: 20:43:07 [TUniGUISessionManager]:Cache Eraser Stopped.
PEDIDOSONLINE.exe: 00000A3C: 20:43:07 [TUniGUISessionManager]:Destroying Worker Threads.
PEDIDOSONLINE.exe: 00000A3C: 20:43:07 [TUniGUISessionManager]:Session manager terminated.
PEDIDOSONLINE.exe: 00000A3C: 20:43:07 [TUniServerModule]:Server Shutdown Completed.
PEDIDOSONLINE.exe: 00000A3C: 20:43:07 []:<-------------------------------------------------------------->
PEDIDOSONLINE.exe: 00000A3C: 20:43:07 [Terminated]:Exit Code: 0
PEDIDOSONLINE.exe: 000010D8: 20:43:17 []:>--------------------------------------------------------------<
PEDIDOSONLINE.exe: 000010D8: 20:43:17 [TUniServerModule]:Server First Init.
PEDIDOSONLINE.exe: 000010D8: 20:43:17 [TUniServerModule]:Erasing Cache Folder...
PEDIDOSONLINE.exe: 000010D8: 20:43:17 [TUniServerModule]:Cache Folder Erased. <0> Files deleted.
PEDIDOSONLINE.exe: 000010D8: 20:43:17 [TUniServerModule]:Starting HTTP Server...
PEDIDOSONLINE.exe: 000010D8: 20:43:17 [TUniServerModule]:HTTP Server Started. Port: 8077
PEDIDOSONLINE.exe: 00000848: 20:43:22 [HandleFileRequest[127.0.0.1]]:File not found: C:\Users\Administrador\Desktop\FARMACE\PEDIDOSONLINE\files\font-awesome\css\fontawesome.min.css
PEDIDOSONLINE.exe: 00000638: 20:43:23 [HandleFileRequest[127.0.0.1]]:File not found: C:\Users\Administrador\Desktop\FARMACE\PEDIDOSONLINE\files\font-awesome\css\fontawesome.min.css
PEDIDOSONLINE.exe: 000010D8: 20:43:57 [TUniServerModule]:Shutting Down Server.
PEDIDOSONLINE.exe: 000010D8: 20:43:58 [TUniServerModule]:HTTP Server Stopped.
PEDIDOSONLINE.exe: 000010D8: 20:43:58 [TUniGUISessionManager]:Terminating Session manager.
PEDIDOSONLINE.exe: 000010D8: 20:43:58 [TUniGUISessionManager]:Stopping Cache Eraser...
PEDIDOSONLINE.exe: 000010D8: 20:43:58 [TUniGUISessionManager]:Cache Eraser Stopped.
PEDIDOSONLINE.exe: 000010D8: 20:43:58 [TUniGUISessionManager]:Destroying Worker Threads.
PEDIDOSONLINE.exe: 000010D8: 20:43:58 [TUniGUISessionManager]:Session manager terminated.
PEDIDOSONLINE.exe: 000010D8: 20:43:58 [TUniServerModule]:Server Shutdown Completed.
PEDIDOSONLINE.exe: 000010D8: 20:43:58 []:<-------------------------------------------------------------->
PEDIDOSONLINE.exe: 000010D8: 20:43:58 [Terminated]:Exit Code: 0
PEDIDOSONLINE.exe: 000032F0: 20:44:05 []:>--------------------------------------------------------------<
PEDIDOSONLINE.exe: 000032F0: 20:44:05 [TUniServerModule]:Server First Init.
PEDIDOSONLINE.exe: 000032F0: 20:44:05 [TUniServerModule]:Erasing Cache Folder...
PEDIDOSONLINE.exe: 000032F0: 20:44:05 [TUniServerModule]:Cache Folder Erased. <0> Files deleted.
PEDIDOSONLINE.exe: 000032F0: 20:44:05 [TUniServerModule]:Starting HTTP Server...
PEDIDOSONLINE.exe: 000032F0: 20:44:05 [TUniServerModule]:HTTP Server Started. Port: 8077
PEDIDOSONLINE.exe: 00000CE8: 20:44:10 [HandleFileRequest[127.0.0.1]]:File not found: C:\Users\Administrador\Desktop\FARMACE\PEDIDOSONLINE\files\font-awesome\css\fontawesome.min.css
PEDIDOSONLINE.exe: 00002C18: 20:44:11 [HandleFileRequest[127.0.0.1]]:File not found: C:\Users\Administrador\Desktop\FARMACE\PEDIDOSONLINE\files\font-awesome\css\fontawesome.min.css
PEDIDOSONLINE.exe: 0000144C: 20:45:03 [127.0.0.1]:EIBInterBaseError : Dynamic SQL Error
SQL error code = -204
Table unknown
TBONLINE_PEDIDO
At line 1, column 31 : Addr: $00942FC7
PEDIDOSONLINE.exe: 000032F0: 20:46:13 [TUniServerModule]:Shutting Down Server.
PEDIDOSONLINE.exe: 00001C54: 20:46:14 [Indy]:EIdNotConnected : Not Connected : Addr: $006FFF02
PEDIDOSONLINE.exe: 00001D54: 20:46:14 [Indy]:EIdNotConnected : Not Connected : Addr: $006FFF02
PEDIDOSONLINE.exe: 000031A8: 20:46:14 [Indy]:EIdNotConnected : Not Connected : Addr: $006FFF02
PEDIDOSONLINE.exe: 00001C3C: 20:46:14 [Indy]:EIdNotConnected : Not Connected : Addr: $006FFF02
PEDIDOSONLINE.exe: 000032F0: 20:46:14 [TUniServerModule]:HTTP Server Stopped.
PEDIDOSONLINE.exe: 000032F0: 20:46:14 [TUniGUISessionManager]:Terminating Session manager.
PEDIDOSONLINE.exe: 000032F0: 20:46:14 [TUniGUISessionManager]:Stopping Cache Eraser...
PEDIDOSONLINE.exe: 000032F0: 20:46:14 [TUniGUISessionManager]:Cache Eraser Stopped.
PEDIDOSONLINE.exe: 000032F0: 20:46:15 [TUniGUISessionManager]:Destroying Worker Threads.
PEDIDOSONLINE.exe: 000032F0: 20:46:15 [TUniGUISessionManager]:Session manager terminated.
PEDIDOSONLINE.exe: 000032F0: 20:46:15 [TUniServerModule]:Server Shutdown Completed.
PEDIDOSONLINE.exe: 000032F0: 20:46:15 []:<-------------------------------------------------------------->
PEDIDOSONLINE.exe: 000032F0: 20:46:15 [Terminated]:Exit Code: 0
PEDIDOSONLINE.exe: 00001228: 20:46:41 []:>--------------------------------------------------------------<
PEDIDOSONLINE.exe: 00001228: 20:46:41 [TUniServerModule]:Server First Init.
PEDIDOSONLINE.exe: 00001228: 20:46:41 [TUniServerModule]:Erasing Cache Folder...
PEDIDOSONLINE.exe: 00001228: 20:46:41 [TUniServerModule]:Cache Folder Erased. <0> Files deleted.
PEDIDOSONLINE.exe: 00001228: 20:46:41 [TUniServerModule]:Starting HTTP Server...
PEDIDOSONLINE.exe: 00001228: 20:46:41 [TUniServerModule]:HTTP Server Started. Port: 8077
PEDIDOSONLINE.exe: 00001044: 20:46:44 [HandleFileRequest[127.0.0.1]]:File not found: C:\Users\Administrador\Desktop\FARMACE\PEDIDOSONLINE\files\font-awesome\css\fontawesome.min.css
PEDIDOSONLINE.exe: 00001038: 20:46:45 [HandleFileRequest[127.0.0.1]]:File not found: C:\Users\Administrador\Desktop\FARMACE\PEDIDOSONLINE\files\font-awesome\css\fontawesome.min.css
PEDIDOSONLINE.exe: 00001228: 20:50:24 [TUniServerModule]:Shutting Down Server.
PEDIDOSONLINE.exe: 000000B0: 20:50:25 [Indy]:EIdNotConnected : Not Connected : Addr: $006FFF02
PEDIDOSONLINE.exe: 00002B6C: 20:50:25 [Indy]:EIdNotConnected : Not Connected : Addr: $006FFF02
PEDIDOSONLINE.exe: 000027E8: 20:50:25 [Indy]:EIdNotConnected : Not Connected : Addr: $006FFF02
PEDIDOSONLINE.exe: 00001228: 20:50:25 [TUniServerModule]:HTTP Server Stopped.
PEDIDOSONLINE.exe: 00001228: 20:50:25 [TUniGUISessionManager]:Terminating Session manager.
PEDIDOSONLINE.exe: 00001228: 20:50:25 [TUniGUISessionManager]:Stopping Cache Eraser...
PEDIDOSONLINE.exe: 00001228: 20:50:25 [TUniGUISessionManager]:Cache Eraser Stopped.
PEDIDOSONLINE.exe: 00001228: 20:50:26 [TUniGUISessionManager]:Destroying Worker Threads.
PEDIDOSONLINE.exe: 00001228: 20:50:26 [TUniGUISessionManager]:Session manager terminated.
PEDIDOSONLINE.exe: 00001228: 20:50:26 [TUniServerModule]:Server Shutdown Completed.
PEDIDOSONLINE.exe: 00001228: 20:50:26 []:<-------------------------------------------------------------->
PEDIDOSONLINE.exe: 00001228: 20:50:26 [Terminated]:Exit Code: 0
PEDIDOSONLINE.exe: 00001FC0: 20:50:31 []:>--------------------------------------------------------------<
PEDIDOSONLINE.exe: 00001FC0: 20:50:31 [TUniServerModule]:Server First Init.
PEDIDOSONLINE.exe: 00001FC0: 20:50:31 [TUniServerModule]:Erasing Cache Folder...
PEDIDOSONLINE.exe: 00001FC0: 20:50:31 [TUniServerModule]:Cache Folder Erased. <0> Files deleted.
PEDIDOSONLINE.exe: 00001FC0: 20:50:31 [TUniServerModule]:Starting HTTP Server...
PEDIDOSONLINE.exe: 00001FC0: 20:50:31 [TUniServerModule]:HTTP Server Started. Port: 8077
PEDIDOSONLINE.exe: 00000470: 20:50:34 [HandleFileRequest[127.0.0.1]]:File not found: C:\Users\Administrador\Desktop\FARMACE\PEDIDOSONLINE\files\font-awesome\css\fontawesome.min.css
PEDIDOSONLINE.exe: 0000056C: 20:50:34 [127.0.0.1]:EUniSessionException : Sessão Inválida : Addr: $007EA4D9
PEDIDOSONLINE.exe: 0000056C: 20:50:34 [HandleFileRequest[127.0.0.1]]:File not found: C:\Users\Administrador\Desktop\FARMACE\PEDIDOSONLINE\files\font-awesome\css\fontawesome.min.css
PEDIDOSONLINE.exe: 0000091C: 20:50:35 [127.0.0.1]:EUniSessionException : Sessão Inválida : Addr: $007EA4D9
PEDIDOSONLINE.exe: 00001FC0: 20:56:22 [TUniServerModule]:Shutting Down Server.
PEDIDOSONLINE.exe: 00002470: 20:56:23 [Indy]:EIdNotConnected : Not Connected : Addr: $006FFF02
PEDIDOSONLINE.exe: 0000091C: 20:56:23 [Indy]:EIdNotConnected : Not Connected : Addr: $006FFF02
PEDIDOSONLINE.exe: 00001FC0: 20:56:23 [TUniServerModule]:HTTP Server Stopped.
PEDIDOSONLINE.exe: 00001FC0: 20:56:23 [TUniGUISessionManager]:Terminating Session manager.
PEDIDOSONLINE.exe: 00001FC0: 20:56:23 [TUniGUISessionManager]:Stopping Cache Eraser...
PEDIDOSONLINE.exe: 00001FC0: 20:56:23 [TUniGUISessionManager]:Cache Eraser Stopped.
PEDIDOSONLINE.exe: 00001FC0: 20:56:24 [TUniGUISessionManager]:Destroying Worker Threads.
PEDIDOSONLINE.exe: 00001FC0: 20:56:24 [TUniGUISessionManager]:Session manager terminated.
PEDIDOSONLINE.exe: 00001FC0: 20:56:24 [TUniServerModule]:Server Shutdown Completed.
PEDIDOSONLINE.exe: 00001FC0: 20:56:24 []:<-------------------------------------------------------------->
PEDIDOSONLINE.exe: 00001FC0: 20:56:24 [Terminated]:Exit Code: 0
PEDIDOSONLINE.exe: 00001EE0: 20:56:29 []:>--------------------------------------------------------------<
PEDIDOSONLINE.exe: 00001EE0: 20:56:29 [TUniServerModule]:Server First Init.
PEDIDOSONLINE.exe: 00001EE0: 20:56:29 [TUniServerModule]:Erasing Cache Folder...
PEDIDOSONLINE.exe: 00001EE0: 20:56:29 [TUniServerModule]:Cache Folder Erased. <0> Files deleted.
PEDIDOSONLINE.exe: 00001EE0: 20:56:29 [TUniServerModule]:Starting HTTP Server...
PEDIDOSONLINE.exe: 00001EE0: 20:56:29 [TUniServerModule]:HTTP Server Started. Port: 8077
PEDIDOSONLINE.exe: 00002874: 20:56:32 [HandleFileRequest[127.0.0.1]]:File not found: C:\Users\Administrador\Desktop\FARMACE\PEDIDOSONLINE\files\font-awesome\css\fontawesome.min.css
PEDIDOSONLINE.exe: 00002EA0: 20:56:33 [HandleFileRequest[127.0.0.1]]:File not found: C:\Users\Administrador\Desktop\FARMACE\PEDIDOSONLINE\files\font-awesome\css\fontawesome.min.css
PEDIDOSONLINE.exe: 00002350: 20:56:34 [127.0.0.1]:EUniSessionException : Sessão Inválida : Addr: $007EA4D9
PEDIDOSONLINE.exe: 00001EE0: 20:57:30 [TUniServerModule]:Shutting Down Server.
PEDIDOSONLINE.exe: 00001EE0: 20:57:30 [TUniServerModule]:HTTP Server Stopped.
PEDIDOSONLINE.exe: 00001EE0: 20:57:30 [TUniGUISessionManager]:Terminating Session manager.
PEDIDOSONLINE.exe: 00001EE0: 20:57:30 [TUniGUISessionManager]:Stopping Cache Eraser...
PEDIDOSONLINE.exe: 00001EE0: 20:57:30 [TUniGUISessionManager]:Cache Eraser Stopped.
PEDIDOSONLINE.exe: 00001EE0: 20:57:30 [TUniGUISessionManager]:Destroying Worker Threads.
PEDIDOSONLINE.exe: 00001EE0: 20:57:30 [TUniGUISessionManager]:Session manager terminated.
PEDIDOSONLINE.exe: 00001EE0: 20:57:30 [TUniServerModule]:Server Shutdown Completed.
PEDIDOSONLINE.exe: 00001EE0: 20:57:30 []:<-------------------------------------------------------------->
PEDIDOSONLINE.exe: 00001EE0: 20:57:30 [Terminated]:Exit Code: 0
PEDIDOSONLINE.exe: 000029E4: 20:57:46 []:>--------------------------------------------------------------<
PEDIDOSONLINE.exe: 000029E4: 20:57:46 [TUniServerModule]:Server First Init.
PEDIDOSONLINE.exe: 000029E4: 20:57:46 [TUniServerModule]:Debug Mode = ON
PEDIDOSONLINE.exe: 000029E4: 20:57:46 [TUniServerModule]:Erasing Cache Folder...
PEDIDOSONLINE.exe: 000029E4: 20:57:46 [TUniServerModule]:Cache Folder Erased. <0> Files deleted.
PEDIDOSONLINE.exe: 000029E4: 20:57:46 [TUniServerModule]:Starting HTTP Server...
PEDIDOSONLINE.exe: 000029E4: 20:57:46 [TUniServerModule]:HTTP Server Started. Port: 8077
PEDIDOSONLINE.exe: 00000848: 20:57:51 [HandleFileRequest[127.0.0.1]]:File not found: C:\Users\Administrador\Desktop\FARMACE\PEDIDOSONLINE\files\font-awesome\css\fontawesome.min.css
PEDIDOSONLINE.exe: 000022C8: 20:57:51 [HandleFileRequest[127.0.0.1]]:File not found: C:\Users\Administrador\Desktop\FARMACE\PEDIDOSONLINE\files\font-awesome\css\fontawesome.min.css
PEDIDOSONLINE.exe: 000006E0: 20:58:08 [Dynamic SQL Error
SQL error code = -204
Table unknown
TBPERFIL_ROTINA
At line 1, column 39-127.0.0.1]:EIBInterBaseError : Dynamic SQL Error
SQL error code = -204
Table unknown
TBPERFIL_ROTINA
At line 1, column 39 : Addr: $00942FE3
PEDIDOSONLINE.exe: 0000294C: 20:58:59 []:>--------------------------------------------------------------<
PEDIDOSONLINE.exe: 0000294C: 20:58:59 [TUniServerModule]:Server First Init.
PEDIDOSONLINE.exe: 0000294C: 20:58:59 [TUniServerModule]:Debug Mode = ON
PEDIDOSONLINE.exe: 0000294C: 20:58:59 [TUniServerModule]:Erasing Cache Folder...
PEDIDOSONLINE.exe: 0000294C: 20:58:59 [TUniServerModule]:Cache Folder Erased. <4> Files deleted.
PEDIDOSONLINE.exe: 0000294C: 20:58:59 [TUniServerModule]:Starting HTTP Server...
PEDIDOSONLINE.exe: 0000294C: 20:58:59 [TUniServerModule]:HTTP Server Started. Port: 8077
PEDIDOSONLINE.exe: 00001620: 20:59:02 [HandleFileRequest[127.0.0.1]]:File not found: C:\Users\Administrador\Desktop\FARMACE\PEDIDOSONLINE\files\font-awesome\css\fontawesome.min.css
PEDIDOSONLINE.exe: 00002484: 20:59:03 [HandleFileRequest[127.0.0.1]]:File not found: C:\Users\Administrador\Desktop\FARMACE\PEDIDOSONLINE\files\font-awesome\css\fontawesome.min.css
PEDIDOSONLINE.exe: 000031D4: 20:59:22 [HandleFileRequest[127.0.0.1]]:File not found: C:\Users\Administrador\Desktop\FARMACE\PEDIDOSONLINE\favicon.ico
PEDIDOSONLINE.exe: 00001BB0: 21:00:14 [Dynamic SQL Error
SQL error code = -204
Table unknown
TBONLINE_PEDIDO_ITEM
At line 2, column 28-127.0.0.1]:EIBInterBaseError : Dynamic SQL Error
SQL error code = -204
Table unknown
TBONLINE_PEDIDO_ITEM
At line 2, column 28 : Addr: $00942FE3
PEDIDOSONLINE.exe: 00002DA0: 21:01:17 []:>--------------------------------------------------------------<
PEDIDOSONLINE.exe: 00002DA0: 21:01:17 [TUniServerModule]:Server First Init.
PEDIDOSONLINE.exe: 00002DA0: 21:01:17 [TUniServerModule]:Debug Mode = ON
PEDIDOSONLINE.exe: 00002DA0: 21:01:17 [TUniServerModule]:Erasing Cache Folder...
PEDIDOSONLINE.exe: 00002DA0: 21:01:17 [TUniServerModule]:Cache Folder Erased. <8> Files deleted.
PEDIDOSONLINE.exe: 00002DA0: 21:01:17 [TUniServerModule]:Starting HTTP Server...
PEDIDOSONLINE.exe: 00002DA0: 21:01:17 [TUniServerModule]:HTTP Server Started. Port: 8077
PEDIDOSONLINE.exe: 00002A4C: 21:01:20 [127.0.0.1]:EUniSessionException : Sessão Inválida : Addr: $007EA4D9
PEDIDOSONLINE.exe: 00002CA8: 21:01:22 [HandleFileRequest[127.0.0.1]]:File not found: C:\Users\Administrador\Desktop\FARMACE\PEDIDOSONLINE\files\font-awesome\css\fontawesome.min.css
PEDIDOSONLINE.exe: 000029E4: 21:01:23 [HandleFileRequest[127.0.0.1]]:File not found: C:\Users\Administrador\Desktop\FARMACE\PEDIDOSONLINE\files\font-awesome\css\fontawesome.min.css
PEDIDOSONLINE.exe: 000005F4: 21:06:35 []:>--------------------------------------------------------------<
PEDIDOSONLINE.exe: 000005F4: 21:06:35 [TUniServerModule]:Server First Init.
PEDIDOSONLINE.exe: 000005F4: 21:06:35 [TUniServerModule]:Erasing Cache Folder...
PEDIDOSONLINE.exe: 000005F4: 21:06:35 [TUniServerModule]:Cache Folder Erased. <13> Files deleted.
PEDIDOSONLINE.exe: 000005F4: 21:06:35 [TUniServerModule]:Starting HTTP Server...
PEDIDOSONLINE.exe: 000005F4: 21:06:35 [TUniServerModule]:HTTP Server Started. Port: 8077
PEDIDOSONLINE.exe: 000005F4: 21:06:36 [TUniServerModule]:Shutting Down Server.
PEDIDOSONLINE.exe: 00001AA4: 21:08:52 []:>--------------------------------------------------------------<
PEDIDOSONLINE.exe: 00001AA4: 21:08:52 [TUniServerModule]:Server First Init.
PEDIDOSONLINE.exe: 00001AA4: 21:08:52 [TUniServerModule]:Erasing Cache Folder...
PEDIDOSONLINE.exe: 00001AA4: 21:08:52 [TUniServerModule]:Cache Folder Erased. <2> Files deleted.
PEDIDOSONLINE.exe: 00001AA4: 21:08:52 [TUniServerModule]:Starting HTTP Server...
PEDIDOSONLINE.exe: 00001AA4: 21:08:52 [TUniServerModule]:HTTP Server Started. Port: 8077
PEDIDOSONLINE.exe: 00003084: 21:08:57 [HandleFileRequest[127.0.0.1]]:File not found: C:\Users\Administrador\Desktop\FARMACE\PEDIDOSONLINE\files\font-awesome\css\fontawesome.min.css
PEDIDOSONLINE.exe: 00001D54: 21:08:57 [HandleFileRequest[127.0.0.1]]:File not found: C:\Users\Administrador\Desktop\FARMACE\PEDIDOSONLINE\files\font-awesome\css\fontawesome.min.css
PEDIDOSONLINE.exe: 00001174: 21:10:11 [127.0.0.1]:EIBInterBaseError : Dynamic SQL Error
SQL error code = -206
Column unknown
STATUS
At line 17, column 4 : Addr: $00942FE3
PEDIDOSONLINE.exe: 00001AA4: 21:10:27 [TUniServerModule]:Shutting Down Server.
PEDIDOSONLINE.exe: 00003128: 21:10:28 [Indy]:EIdNotConnected : Not Connected : Addr: $006FFF02
PEDIDOSONLINE.exe: 00002F70: 21:10:28 [Indy]:EIdNotConnected : Not Connected : Addr: $006FFF02
PEDIDOSONLINE.exe: 00001AA4: 21:10:28 [TUniServerModule]:HTTP Server Stopped.
PEDIDOSONLINE.exe: 00001AA4: 21:10:28 [TUniGUISessionManager]:Terminating Session manager.
PEDIDOSONLINE.exe: 00001AA4: 21:10:28 [TUniGUISessionManager]:Stopping Cache Eraser...
PEDIDOSONLINE.exe: 00001AA4: 21:10:28 [TUniGUISessionManager]:Cache Eraser Stopped.
PEDIDOSONLINE.exe: 00001AA4: 21:10:29 [TUniGUISessionManager]:Destroying Worker Threads.
PEDIDOSONLINE.exe: 00001AA4: 21:10:29 [TUniGUISessionManager]:Session manager terminated.
PEDIDOSONLINE.exe: 00001AA4: 21:10:29 [TUniServerModule]:Server Shutdown Completed.
PEDIDOSONLINE.exe: 00001AA4: 21:10:29 []:<-------------------------------------------------------------->
PEDIDOSONLINE.exe: 00001AA4: 21:10:29 [Terminated]:Exit Code: 0
PEDIDOSONLINE.exe: 00002CEC: 21:10:41 []:>--------------------------------------------------------------<
PEDIDOSONLINE.exe: 00002CEC: 21:10:41 [TUniServerModule]:Server First Init.
PEDIDOSONLINE.exe: 00002CEC: 21:10:41 [TUniServerModule]:Erasing Cache Folder...
PEDIDOSONLINE.exe: 00002CEC: 21:10:41 [TUniServerModule]:Cache Folder Erased. <0> Files deleted.
PEDIDOSONLINE.exe: 00002CEC: 21:10:41 [TUniServerModule]:Starting HTTP Server...
PEDIDOSONLINE.exe: 00002CEC: 21:10:41 [TUniServerModule]:HTTP Server Started. Port: 8077
PEDIDOSONLINE.exe: 0000122C: 21:10:46 [HandleFileRequest[127.0.0.1]]:File not found: C:\Users\Administrador\Desktop\FARMACE\PEDIDOSONLINE\files\font-awesome\css\fontawesome.min.css
PEDIDOSONLINE.exe: 00001D78: 21:10:47 [HandleFileRequest[127.0.0.1]]:File not found: C:\Users\Administrador\Desktop\FARMACE\PEDIDOSONLINE\files\font-awesome\css\fontawesome.min.css
PEDIDOSONLINE.exe: 00001350: 21:12:07 [127.0.0.1]:EIBInterBaseError : Dynamic SQL Error
SQL error code = -206
Column unknown
STATUS
At line 17, column 4 : Addr: $00942FE3
PEDIDOSONLINE.exe: 00002CEC: 21:12:30 [TUniServerModule]:Shutting Down Server.
PEDIDOSONLINE.exe: 00002CEC: 21:12:31 [TUniServerModule]:HTTP Server Stopped.
PEDIDOSONLINE.exe: 00002CEC: 21:12:31 [TUniGUISessionManager]:Terminating Session manager.
PEDIDOSONLINE.exe: 00002CEC: 21:12:31 [TUniGUISessionManager]:Stopping Cache Eraser...
PEDIDOSONLINE.exe: 00002CEC: 21:12:31 [TUniGUISessionManager]:Cache Eraser Stopped.
PEDIDOSONLINE.exe: 00002CEC: 21:12:31 [TUniGUISessionManager]:Destroying Worker Threads.
PEDIDOSONLINE.exe: 00002CEC: 21:12:31 [TUniGUISessionManager]:Session manager terminated.
PEDIDOSONLINE.exe: 00002CEC: 21:12:31 [TUniServerModule]:Server Shutdown Completed.
PEDIDOSONLINE.exe: 00002CEC: 21:12:31 []:<-------------------------------------------------------------->
PEDIDOSONLINE.exe: 00002CEC: 21:12:31 [Terminated]:Exit Code: 0
PEDIDOSONLINE.exe: 000026E0: 21:12:36 []:>--------------------------------------------------------------<
PEDIDOSONLINE.exe: 000026E0: 21:12:36 [TUniServerModule]:Server First Init.
PEDIDOSONLINE.exe: 000026E0: 21:12:36 [TUniServerModule]:Erasing Cache Folder...
PEDIDOSONLINE.exe: 000026E0: 21:12:36 [TUniServerModule]:Cache Folder Erased. <0> Files deleted.
PEDIDOSONLINE.exe: 000026E0: 21:12:37 [TUniServerModule]:Starting HTTP Server...
PEDIDOSONLINE.exe: 000026E0: 21:12:37 [TUniServerModule]:HTTP Server Started. Port: 8077
PEDIDOSONLINE.exe: 00001ED8: 21:12:41 [HandleFileRequest[127.0.0.1]]:File not found: C:\Users\Administrador\Desktop\FARMACE\PEDIDOSONLINE\files\font-awesome\css\fontawesome.min.css
PEDIDOSONLINE.exe: 00002C08: 21:12:41 [HandleFileRequest[127.0.0.1]]:File not found: C:\Users\Administrador\Desktop\FARMACE\PEDIDOSONLINE\files\font-awesome\css\fontawesome.min.css
PEDIDOSONLINE.exe: 00000D14: 21:13:53 [HandleFileRequest[127.0.0.1]]:File not found: C:\Users\Administrador\Desktop\FARMACE\PEDIDOSONLINE\favicon.ico
PEDIDOSONLINE.exe: 000026E0: 21:21:51 [TUniServerModule]:Shutting Down Server.
PEDIDOSONLINE.exe: 000026E0: 21:21:52 [TUniServerModule]:HTTP Server Stopped.
PEDIDOSONLINE.exe: 000026E0: 21:21:52 [TUniGUISessionManager]:Terminating Session manager.
PEDIDOSONLINE.exe: 000026E0: 21:21:52 [TUniGUISessionManager]:Stopping Cache Eraser...
PEDIDOSONLINE.exe: 000026E0: 21:21:52 [TUniGUISessionManager]:Cache Eraser Stopped.
PEDIDOSONLINE.exe: 000026E0: 21:21:52 [TUniGUISessionManager]:Destroying Worker Threads.
PEDIDOSONLINE.exe: 000026E0: 21:21:52 [TUniGUISessionManager]:Session manager terminated.
PEDIDOSONLINE.exe: 000026E0: 21:21:52 [TUniServerModule]:Server Shutdown Completed.
PEDIDOSONLINE.exe: 000026E0: 21:21:52 []:<-------------------------------------------------------------->
PEDIDOSONLINE.exe: 000026E0: 21:21:52 [Terminated]:Exit Code: 0
PEDIDOSONLINE.exe: 00001A64: 21:28:26 []:>--------------------------------------------------------------<
PEDIDOSONLINE.exe: 00001A64: 21:28:26 [TUniServerModule]:Server First Init.
PEDIDOSONLINE.exe: 00001A64: 21:28:26 [TUniServerModule]:Erasing Cache Folder...
PEDIDOSONLINE.exe: 00001A64: 21:28:26 [TUniServerModule]:Cache Folder Erased. <0> Files deleted.
PEDIDOSONLINE.exe: 00001A64: 21:28:26 [TUniServerModule]:Starting HTTP Server...
PEDIDOSONLINE.exe: 00001A64: 21:28:26 [TUniServerModule]:HTTP Server Started. Port: 8077
PEDIDOSONLINE.exe: 0000322C: 21:28:29 [127.0.0.1]:EUniSessionException : Sessão Inválida : Addr: $007EA4D9
PEDIDOSONLINE.exe: 00002ABC: 21:28:31 [HandleFileRequest[127.0.0.1]]:File not found: C:\Users\Administrador\Desktop\FARMACE\PEDIDOSONLINE\files\font-awesome\css\fontawesome.min.css
PEDIDOSONLINE.exe: 0000322C: 21:28:31 [HandleFileRequest[127.0.0.1]]:File not found: C:\Users\Administrador\Desktop\FARMACE\PEDIDOSONLINE\files\font-awesome\css\fontawesome.min.css
PEDIDOSONLINE.exe: 00001A64: 21:29:36 [TUniServerModule]:Shutting Down Server.
PEDIDOSONLINE.exe: 0000007C: 21:29:36 [Indy]:EIdNotConnected : Not Connected : Addr: $006FFF02
PEDIDOSONLINE.exe: 00001E40: 21:29:36 [Indy]:EIdNotConnected : Not Connected : Addr: $006FFF02
PEDIDOSONLINE.exe: 000031A0: 21:29:36 [Indy]:EIdNotConnected : Not Connected : Addr: $006FFF02
PEDIDOSONLINE.exe: 00001A64: 21:29:37 [TUniServerModule]:HTTP Server Stopped.
PEDIDOSONLINE.exe: 00001A64: 21:29:37 [TUniGUISessionManager]:Terminating Session manager.
PEDIDOSONLINE.exe: 00001A64: 21:29:37 [TUniGUISessionManager]:Stopping Cache Eraser...
PEDIDOSONLINE.exe: 00001A64: 21:29:37 [TUniGUISessionManager]:Cache Eraser Stopped.
PEDIDOSONLINE.exe: 00001A64: 21:29:37 [TUniGUISessionManager]:Destroying Worker Threads.
PEDIDOSONLINE.exe: 00001A64: 21:29:37 [TUniGUISessionManager]:Session manager terminated.
PEDIDOSONLINE.exe: 00001A64: 21:29:37 [TUniServerModule]:Server Shutdown Completed.
PEDIDOSONLINE.exe: 00001A64: 21:29:37 []:<-------------------------------------------------------------->
PEDIDOSONLINE.exe: 00001A64: 21:29:37 [Terminated]:Exit Code: 0
PEDIDOSONLINE.exe: 00002054: 21:29:43 []:>--------------------------------------------------------------<
PEDIDOSONLINE.exe: 00002054: 21:29:43 [TUniServerModule]:Server First Init.
PEDIDOSONLINE.exe: 00002054: 21:29:43 [TUniServerModule]:Erasing Cache Folder...
PEDIDOSONLINE.exe: 00002054: 21:29:43 [TUniServerModule]:Cache Folder Erased. <0> Files deleted.
PEDIDOSONLINE.exe: 00002054: 21:29:43 [TUniServerModule]:Starting HTTP Server...
PEDIDOSONLINE.exe: 00002054: 21:29:43 [TUniServerModule]:HTTP Server Started. Port: 8077
PEDIDOSONLINE.exe: 000024A4: 21:29:47 [HandleFileRequest[127.0.0.1]]:File not found: C:\Users\Administrador\Desktop\FARMACE\PEDIDOSONLINE\files\font-awesome\css\fontawesome.min.css
PEDIDOSONLINE.exe: 00003348: 21:29:47 [HandleFileRequest[127.0.0.1]]:File not found: C:\Users\Administrador\Desktop\FARMACE\PEDIDOSONLINE\files\font-awesome\css\fontawesome.min.css
PEDIDOSONLINE.exe: 00001940: 21:30:47 [127.0.0.1]:EUniSessionException : Sessão Inválida : Addr: $007EA4D9
PEDIDOSONLINE.exe: 000014A8: 21:32:14 [HandleFileRequest[127.0.0.1]]:File not found: C:\Users\Administrador\Desktop\FARMACE\PEDIDOSONLINE\files\font-awesome\css\fontawesome.min.css
PEDIDOSONLINE.exe: 000031A8: 21:32:14 [HandleFileRequest[127.0.0.1]]:File not found: C:\Users\Administrador\Desktop\FARMACE\PEDIDOSONLINE\files\font-awesome\css\fontawesome.min.css
PEDIDOSONLINE.exe: 00002054: 21:33:26 [TUniServerModule]:Shutting Down Server.
PEDIDOSONLINE.exe: 00002054: 21:33:26 [TUniServerModule]:HTTP Server Stopped.
PEDIDOSONLINE.exe: 00002054: 21:33:26 [TUniGUISessionManager]:Terminating Session manager.
PEDIDOSONLINE.exe: 00002054: 21:33:26 [TUniGUISessionManager]:Stopping Cache Eraser...
PEDIDOSONLINE.exe: 00002054: 21:33:26 [TUniGUISessionManager]:Cache Eraser Stopped.
PEDIDOSONLINE.exe: 00002054: 21:33:26 [TUniGUISessionManager]:Destroying Worker Threads.
PEDIDOSONLINE.exe: 00002054: 21:33:26 [TUniGUISessionManager]:Session manager terminated.
PEDIDOSONLINE.exe: 00002054: 21:33:26 [TUniServerModule]:Server Shutdown Completed.
PEDIDOSONLINE.exe: 00002054: 21:33:26 []:<-------------------------------------------------------------->
PEDIDOSONLINE.exe: 00002054: 21:33:26 [Terminated]:Exit Code: 0
PEDIDOSONLINE.exe: 00003160: 21:33:33 []:>--------------------------------------------------------------<
PEDIDOSONLINE.exe: 00003160: 21:33:33 [TUniServerModule]:Server First Init.
PEDIDOSONLINE.exe: 00003160: 21:33:33 [TUniServerModule]:Erasing Cache Folder...
PEDIDOSONLINE.exe: 00003160: 21:33:33 [TUniServerModule]:Cache Folder Erased. <0> Files deleted.
PEDIDOSONLINE.exe: 00003160: 21:33:33 [TUniServerModule]:Starting HTTP Server...
PEDIDOSONLINE.exe: 00003160: 21:33:33 [TUniServerModule]:HTTP Server Started. Port: 8077
PEDIDOSONLINE.exe: 00001E98: 21:33:38 [HandleFileRequest[127.0.0.1]]:File not found: C:\Users\Administrador\Desktop\FARMACE\PEDIDOSONLINE\files\font-awesome\css\fontawesome.min.css
PEDIDOSONLINE.exe: 00002DA0: 21:33:38 [HandleFileRequest[127.0.0.1]]:File not found: C:\Users\Administrador\Desktop\FARMACE\PEDIDOSONLINE\files\font-awesome\css\fontawesome.min.css
PEDIDOSONLINE.exe: 000020EC: 21:34:52 [HandleFileRequest[127.0.0.1]]:File not found: C:\Users\Administrador\Desktop\FARMACE\PEDIDOSONLINE\favicon.ico
PEDIDOSONLINE.exe: 00003160: 21:37:03 [TUniServerModule]:Shutting Down Server.
PEDIDOSONLINE.exe: 00000810: 21:37:03 [Indy]:EIdNotConnected : Not Connected : Addr: $006FFF02
PEDIDOSONLINE.exe: 000014CC: 21:37:03 [Indy]:EIdNotConnected : Not Connected : Addr: $006FFF02
PEDIDOSONLINE.exe: 000016D4: 21:37:03 [Indy]:EIdNotConnected : Not Connected : Addr: $006FFF02
PEDIDOSONLINE.exe: 00003160: 21:37:04 [TUniServerModule]:HTTP Server Stopped.
PEDIDOSONLINE.exe: 00003160: 21:37:04 [TUniGUISessionManager]:Terminating Session manager.
PEDIDOSONLINE.exe: 00003160: 21:37:04 [TUniGUISessionManager]:Stopping Cache Eraser...
PEDIDOSONLINE.exe: 00003160: 21:37:04 [TUniGUISessionManager]:Cache Eraser Stopped.
PEDIDOSONLINE.exe: 00003160: 21:37:04 [TUniGUISessionManager]:Destroying Worker Threads.
PEDIDOSONLINE.exe: 00003160: 21:37:04 [TUniGUISessionManager]:Session manager terminated.
PEDIDOSONLINE.exe: 00003160: 21:37:05 [TUniServerModule]:Server Shutdown Completed.
PEDIDOSONLINE.exe: 00003160: 21:37:05 []:<-------------------------------------------------------------->
PEDIDOSONLINE.exe: 00003160: 21:37:05 [Terminated]:Exit Code: 0
PEDIDOSONLINE.exe: 00000C8C: 21:38:03 []:>--------------------------------------------------------------<
PEDIDOSONLINE.exe: 00000C8C: 21:38:03 [TUniServerModule]:Server First Init.
PEDIDOSONLINE.exe: 00000C8C: 21:38:03 [TUniServerModule]:Erasing Cache Folder...
PEDIDOSONLINE.exe: 00000C8C: 21:38:03 [TUniServerModule]:Cache Folder Erased. <0> Files deleted.
PEDIDOSONLINE.exe: 00000C8C: 21:38:04 [TUniServerModule]:Starting HTTP Server...
PEDIDOSONLINE.exe: 00000C8C: 21:38:04 [TUniServerModule]:HTTP Server Started. Port: 8077
PEDIDOSONLINE.exe: 000010D4: 21:38:07 [HandleFileRequest[127.0.0.1]]:File not found: C:\Users\Administrador\Desktop\FARMACE\PEDIDOSONLINE\files\font-awesome\css\fontawesome.min.css
PEDIDOSONLINE.exe: 00002E94: 21:38:07 [HandleFileRequest[127.0.0.1]]:File not found: C:\Users\Administrador\Desktop\FARMACE\PEDIDOSONLINE\files\font-awesome\css\fontawesome.min.css
PEDIDOSONLINE.exe: 00002694: 21:38:08 [127.0.0.1]:EUniSessionException : Sessão Inválida : Addr: $007EA4D9
PEDIDOSONLINE.exe: 00000C8C: 21:47:28 [TUniServerModule]:Shutting Down Server.
PEDIDOSONLINE.exe: 00000C8C: 21:47:28 [TUniServerModule]:HTTP Server Stopped.
PEDIDOSONLINE.exe: 00000C8C: 21:47:28 [TUniGUISessionManager]:Terminating Session manager.
PEDIDOSONLINE.exe: 00000C8C: 21:47:28 [TUniGUISessionManager]:Stopping Cache Eraser...
PEDIDOSONLINE.exe: 00000C8C: 21:47:28 [TUniGUISessionManager]:Cache Eraser Stopped.
PEDIDOSONLINE.exe: 00000C8C: 21:47:28 [TUniGUISessionManager]:Destroying Worker Threads.
PEDIDOSONLINE.exe: 00000C8C: 21:47:28 [TUniGUISessionManager]:Session manager terminated.
PEDIDOSONLINE.exe: 00000C8C: 21:47:28 [TUniServerModule]:Server Shutdown Completed.
PEDIDOSONLINE.exe: 00000C8C: 21:47:28 []:<-------------------------------------------------------------->
PEDIDOSONLINE.exe: 00000C8C: 21:47:28 [Terminated]:Exit Code: 0
PEDIDOSONLINE.exe: 00002218: 21:47:42 []:>--------------------------------------------------------------<
PEDIDOSONLINE.exe: 00002218: 21:47:42 [TUniServerModule]:Server First Init.
PEDIDOSONLINE.exe: 00002218: 21:47:42 [TUniServerModule]:Erasing Cache Folder...
PEDIDOSONLINE.exe: 00002218: 21:47:42 [TUniServerModule]:Cache Folder Erased. <0> Files deleted.
PEDIDOSONLINE.exe: 00002218: 21:47:42 [TUniServerModule]:Starting HTTP Server...
PEDIDOSONLINE.exe: 00002218: 21:47:42 [TUniServerModule]:HTTP Server Started. Port: 8077
PEDIDOSONLINE.exe: 00002418: 21:47:47 [HandleFileRequest[127.0.0.1]]:File not found: C:\Users\Administrador\Desktop\FARMACE\PEDIDOSONLINE\files\font-awesome\css\fontawesome.min.css
PEDIDOSONLINE.exe: 000011FC: 21:47:47 [HandleFileRequest[127.0.0.1]]:File not found: C:\Users\Administrador\Desktop\FARMACE\PEDIDOSONLINE\files\font-awesome\css\fontawesome.min.css
PEDIDOSONLINE.exe: 00001F8C: 21:47:55 [127.0.0.1]:EReadError : Error reading Empresa.Parameters: Dynamic SQL Error
SQL error code = -204
Table unknown
TBEMPRESAS
At line 1, column 26 : Addr: $004C0244
PEDIDOSONLINE.exe: 00001F8C: 21:47:55 [HandleFileRequest[127.0.0.1]]:File not found: C:\Users\Administrador\Desktop\FARMACE\PEDIDOSONLINE\favicon.ico
PEDIDOSONLINE.exe: 00002F84: 21:47:57 [127.0.0.1]:EReadError : Error reading Empresa.Parameters: Dynamic SQL Error
SQL error code = -204
Table unknown
TBEMPRESAS
At line 1, column 26 : Addr: $004C0244
PEDIDOSONLINE.exe: 00002F84: 21:48:00 [HandleFileRequest[127.0.0.1]]:File not found: C:\Users\Administrador\Desktop\FARMACE\PEDIDOSONLINE\files\font-awesome\css\fontawesome.min.css
PEDIDOSONLINE.exe: 000020F0: 21:48:00 [HandleFileRequest[127.0.0.1]]:File not found: C:\Users\Administrador\Desktop\FARMACE\PEDIDOSONLINE\files\font-awesome\css\fontawesome.min.css
PEDIDOSONLINE.exe: 00002218: 21:50:57 [TUniServerModule]:Shutting Down Server.
PEDIDOSONLINE.exe: 00002218: 21:50:58 [TUniServerModule]:HTTP Server Stopped.
PEDIDOSONLINE.exe: 00002218: 21:50:58 [TUniGUISessionManager]:Terminating Session manager.
PEDIDOSONLINE.exe: 00002218: 21:50:58 [TUniGUISessionManager]:Stopping Cache Eraser...
PEDIDOSONLINE.exe: 00002218: 21:50:58 [TUniGUISessionManager]:Cache Eraser Stopped.
PEDIDOSONLINE.exe: 00002218: 21:50:58 [TUniGUISessionManager]:Destroying Worker Threads.
PEDIDOSONLINE.exe: 00002218: 21:50:58 [TUniGUISessionManager]:Session manager terminated.
PEDIDOSONLINE.exe: 00002218: 21:50:58 [TUniServerModule]:Server Shutdown Completed.
PEDIDOSONLINE.exe: 00002218: 21:50:58 []:<-------------------------------------------------------------->
PEDIDOSONLINE.exe: 00002218: 21:50:58 [Terminated]:Exit Code: 0
PEDIDOSONLINE.exe: 00001B38: 21:51:13 []:>--------------------------------------------------------------<
PEDIDOSONLINE.exe: 00001B38: 21:51:13 [TUniServerModule]:Server First Init.
PEDIDOSONLINE.exe: 00001B38: 21:51:13 [TUniServerModule]:Erasing Cache Folder...
PEDIDOSONLINE.exe: 00001B38: 21:51:13 [TUniServerModule]:Cache Folder Erased. <0> Files deleted.
PEDIDOSONLINE.exe: 00001B38: 21:51:13 [TUniServerModule]:Starting HTTP Server...
PEDIDOSONLINE.exe: 00001B38: 21:51:13 [TUniServerModule]:HTTP Server Started. Port: 8077
PEDIDOSONLINE.exe: 00000D04: 21:51:21 [HandleFileRequest[127.0.0.1]]:File not found: C:\Users\Administrador\Desktop\FARMACE\PEDIDOSONLINE\files\font-awesome\css\fontawesome.min.css
PEDIDOSONLINE.exe: 00001D90: 21:51:21 [HandleFileRequest[127.0.0.1]]:File not found: C:\Users\Administrador\Desktop\FARMACE\PEDIDOSONLINE\files\font-awesome\css\fontawesome.min.css
PEDIDOSONLINE.exe: 00000404: 21:52:57 [HandleFileRequest[127.0.0.1]]:File not found: C:\Users\Administrador\Desktop\FARMACE\PEDIDOSONLINE\favicon.ico
PEDIDOSONLINE.exe: 00001B38: 22:00:28 [TUniServerModule]:Shutting Down Server.
PEDIDOSONLINE.exe: 00001B38: 22:00:29 [TUniServerModule]:HTTP Server Stopped.
PEDIDOSONLINE.exe: 00001B38: 22:00:29 [TUniGUISessionManager]:Terminating Session manager.
PEDIDOSONLINE.exe: 00001B38: 22:00:29 [TUniGUISessionManager]:Stopping Cache Eraser...
PEDIDOSONLINE.exe: 00001B38: 22:00:29 [TUniGUISessionManager]:Cache Eraser Stopped.
PEDIDOSONLINE.exe: 00001B38: 22:00:30 [TUniGUISessionManager]:Destroying Worker Threads.
PEDIDOSONLINE.exe: 00001B38: 22:00:30 [TUniGUISessionManager]:Session manager terminated.
PEDIDOSONLINE.exe: 00001B38: 22:00:30 [TUniServerModule]:Server Shutdown Completed.
PEDIDOSONLINE.exe: 00001B38: 22:00:30 []:<-------------------------------------------------------------->
PEDIDOSONLINE.exe: 00001B38: 22:00:30 [Terminated]:Exit Code: 0
PEDIDOSONLINE.exe: 000020C8: 22:00:36 []:>--------------------------------------------------------------<
PEDIDOSONLINE.exe: 000020C8: 22:00:36 [TUniServerModule]:Server First Init.
PEDIDOSONLINE.exe: 000020C8: 22:00:36 [TUniServerModule]:Erasing Cache Folder...
PEDIDOSONLINE.exe: 000020C8: 22:00:36 [TUniServerModule]:Cache Folder Erased. <0> Files deleted.
PEDIDOSONLINE.exe: 000020C8: 22:00:36 [TUniServerModule]:Starting HTTP Server...
PEDIDOSONLINE.exe: 000020C8: 22:00:36 [TUniServerModule]:HTTP Server Started. Port: 8077
PEDIDOSONLINE.exe: 00000834: 22:00:38 [127.0.0.1]:EUniSessionException : Sessão Inválida : Addr: $007EA4D9
PEDIDOSONLINE.exe: 00002B30: 22:00:39 [HandleFileRequest[127.0.0.1]]:File not found: C:\Users\Administrador\Desktop\FARMACE\PEDIDOSONLINE\files\font-awesome\css\fontawesome.min.css
PEDIDOSONLINE.exe: 00000834: 22:00:39 [HandleFileRequest[127.0.0.1]]:File not found: C:\Users\Administrador\Desktop\FARMACE\PEDIDOSONLINE\files\font-awesome\css\fontawesome.min.css
PEDIDOSONLINE.exe: 000020C8: 22:00:58 [TUniServerModule]:Shutting Down Server.
PEDIDOSONLINE.exe: 000020C8: 22:00:59 [TUniServerModule]:HTTP Server Stopped.
PEDIDOSONLINE.exe: 000020C8: 22:00:59 [TUniGUISessionManager]:Terminating Session manager.
PEDIDOSONLINE.exe: 000020C8: 22:00:59 [TUniGUISessionManager]:Stopping Cache Eraser...
PEDIDOSONLINE.exe: 000020C8: 22:00:59 [TUniGUISessionManager]:Cache Eraser Stopped.
PEDIDOSONLINE.exe: 000020C8: 22:00:59 [TUniGUISessionManager]:Destroying Worker Threads.
PEDIDOSONLINE.exe: 000020C8: 22:00:59 [TUniGUISessionManager]:Session manager terminated.
PEDIDOSONLINE.exe: 000020C8: 22:00:59 [TUniServerModule]:Server Shutdown Completed.
PEDIDOSONLINE.exe: 000020C8: 22:00:59 []:<-------------------------------------------------------------->
PEDIDOSONLINE.exe: 000020C8: 22:00:59 [Terminated]:Exit Code: 0
PEDIDOSONLINE.exe: 000026A0: 22:01:05 []:>--------------------------------------------------------------<
PEDIDOSONLINE.exe: 000026A0: 22:01:05 [TUniServerModule]:Server First Init.
PEDIDOSONLINE.exe: 000026A0: 22:01:05 [TUniServerModule]:Erasing Cache Folder...
PEDIDOSONLINE.exe: 000026A0: 22:01:05 [TUniServerModule]:Cache Folder Erased. <0> Files deleted.
PEDIDOSONLINE.exe: 000026A0: 22:01:05 [TUniServerModule]:Starting HTTP Server...
PEDIDOSONLINE.exe: 000026A0: 22:01:05 [TUniServerModule]:HTTP Server Started. Port: 8077
PEDIDOSONLINE.exe: 0000027C: 22:01:10 [HandleFileRequest[127.0.0.1]]:File not found: C:\Users\Administrador\Desktop\FARMACE\PEDIDOSONLINE\files\font-awesome\css\fontawesome.min.css
PEDIDOSONLINE.exe: 00002638: 22:01:10 [HandleFileRequest[127.0.0.1]]:File not found: C:\Users\Administrador\Desktop\FARMACE\PEDIDOSONLINE\files\font-awesome\css\fontawesome.min.css
PEDIDOSONLINE.exe: 00000AF0: 22:02:46 [HandleFileRequest[127.0.0.1]]:File not found: C:\Users\Administrador\Desktop\FARMACE\PEDIDOSONLINE\favicon.ico
PEDIDOSONLINE.exe: 000026A0: 22:04:34 [TUniServerModule]:Shutting Down Server.
PEDIDOSONLINE.exe: 000026A0: 22:04:34 [TUniServerModule]:HTTP Server Stopped.
PEDIDOSONLINE.exe: 000026A0: 22:04:34 [TUniGUISessionManager]:Terminating Session manager.
PEDIDOSONLINE.exe: 000026A0: 22:04:34 [TUniGUISessionManager]:Stopping Cache Eraser...
PEDIDOSONLINE.exe: 000026A0: 22:04:34 [TUniGUISessionManager]:Cache Eraser Stopped.
PEDIDOSONLINE.exe: 000026A0: 22:04:34 [TUniGUISessionManager]:Destroying Worker Threads.
PEDIDOSONLINE.exe: 000026A0: 22:04:34 [TUniGUISessionManager]:Session manager terminated.
PEDIDOSONLINE.exe: 000026A0: 22:04:34 [TUniServerModule]:Server Shutdown Completed.
PEDIDOSONLINE.exe: 000026A0: 22:04:34 []:<-------------------------------------------------------------->
PEDIDOSONLINE.exe: 000026A0: 22:04:34 [Terminated]:Exit Code: 0
PEDIDOSONLINE.exe: 000000F4: 22:04:40 []:>--------------------------------------------------------------<
PEDIDOSONLINE.exe: 000000F4: 22:04:40 [TUniServerModule]:Server First Init.
PEDIDOSONLINE.exe: 000000F4: 22:04:40 [TUniServerModule]:Erasing Cache Folder...
PEDIDOSONLINE.exe: 000000F4: 22:04:40 [TUniServerModule]:Cache Folder Erased. <0> Files deleted.
PEDIDOSONLINE.exe: 000000F4: 22:04:41 [TUniServerModule]:Starting HTTP Server...
PEDIDOSONLINE.exe: 000000F4: 22:04:41 [TUniServerModule]:HTTP Server Started. Port: 8077
PEDIDOSONLINE.exe: 0000122C: 22:04:45 [HandleFileRequest[127.0.0.1]]:File not found: C:\Users\Administrador\Desktop\FARMACE\PEDIDOSONLINE\files\font-awesome\css\fontawesome.min.css
PEDIDOSONLINE.exe: 000009C8: 22:04:45 [HandleFileRequest[127.0.0.1]]:File not found: C:\Users\Administrador\Desktop\FARMACE\PEDIDOSONLINE\files\font-awesome\css\fontawesome.min.css
PEDIDOSONLINE.exe: 000000F4: 22:05:29 [TUniServerModule]:Shutting Down Server.
PEDIDOSONLINE.exe: 000000F4: 22:05:30 [TUniServerModule]:HTTP Server Stopped.
PEDIDOSONLINE.exe: 000000F4: 22:05:30 [TUniGUISessionManager]:Terminating Session manager.
PEDIDOSONLINE.exe: 000000F4: 22:05:30 [TUniGUISessionManager]:Stopping Cache Eraser...
PEDIDOSONLINE.exe: 000000F4: 22:05:30 [TUniGUISessionManager]:Cache Eraser Stopped.
PEDIDOSONLINE.exe: 000000F4: 22:05:30 [TUniGUISessionManager]:Destroying Worker Threads.
PEDIDOSONLINE.exe: 000000F4: 22:05:30 [TUniGUISessionManager]:Session manager terminated.
PEDIDOSONLINE.exe: 000000F4: 22:05:30 [TUniServerModule]:Server Shutdown Completed.
PEDIDOSONLINE.exe: 000000F4: 22:05:30 []:<-------------------------------------------------------------->
PEDIDOSONLINE.exe: 000000F4: 22:05:30 [Terminated]:Exit Code: 0
PEDIDOSONLINE.exe: 00002C70: 22:06:00 []:>--------------------------------------------------------------<
PEDIDOSONLINE.exe: 00002C70: 22:06:00 [TUniServerModule]:Server First Init.
PEDIDOSONLINE.exe: 00002C70: 22:06:00 [TUniServerModule]:Erasing Cache Folder...
PEDIDOSONLINE.exe: 00002C70: 22:06:00 [TUniServerModule]:Cache Folder Erased. <0> Files deleted.
PEDIDOSONLINE.exe: 00002C70: 22:06:01 [TUniServerModule]:Starting HTTP Server...
PEDIDOSONLINE.exe: 00002C70: 22:06:01 [TUniServerModule]:HTTP Server Started. Port: 8077
PEDIDOSONLINE.exe: 000009E0: 22:06:05 [HandleFileRequest[127.0.0.1]]:File not found: C:\Users\Administrador\Desktop\FARMACE\PEDIDOSONLINE\files\font-awesome\css\fontawesome.min.css
PEDIDOSONLINE.exe: 00002328: 22:06:06 [HandleFileRequest[127.0.0.1]]:File not found: C:\Users\Administrador\Desktop\FARMACE\PEDIDOSONLINE\files\font-awesome\css\fontawesome.min.css
PEDIDOSONLINE.exe: 00002C70: 22:07:07 [TUniServerModule]:Shutting Down Server.
PEDIDOSONLINE.exe: 00002C70: 22:07:08 [TUniServerModule]:HTTP Server Stopped.
PEDIDOSONLINE.exe: 00002C70: 22:07:08 [TUniGUISessionManager]:Terminating Session manager.
PEDIDOSONLINE.exe: 00002C70: 22:07:08 [TUniGUISessionManager]:Stopping Cache Eraser...
PEDIDOSONLINE.exe: 00002C70: 22:07:08 [TUniGUISessionManager]:Cache Eraser Stopped.
PEDIDOSONLINE.exe: 00002C70: 22:07:08 [TUniGUISessionManager]:Destroying Worker Threads.
PEDIDOSONLINE.exe: 00002C70: 22:07:08 [TUniGUISessionManager]:Session manager terminated.
PEDIDOSONLINE.exe: 00002C70: 22:07:08 [TUniServerModule]:Server Shutdown Completed.
PEDIDOSONLINE.exe: 00002C70: 22:07:08 []:<-------------------------------------------------------------->
PEDIDOSONLINE.exe: 00002C70: 22:07:08 [Terminated]:Exit Code: 0
PEDIDOSONLINE.exe: 0000303C: 22:07:21 []:>--------------------------------------------------------------<
PEDIDOSONLINE.exe: 0000303C: 22:07:21 [TUniServerModule]:Server First Init.
PEDIDOSONLINE.exe: 0000303C: 22:07:21 [TUniServerModule]:Erasing Cache Folder...
PEDIDOSONLINE.exe: 0000303C: 22:07:21 [TUniServerModule]:Cache Folder Erased. <0> Files deleted.
PEDIDOSONLINE.exe: 0000303C: 22:07:22 [TUniServerModule]:Starting HTTP Server...
PEDIDOSONLINE.exe: 0000303C: 22:07:22 [TUniServerModule]:HTTP Server Started. Port: 8077
PEDIDOSONLINE.exe: 000027C0: 22:07:26 [HandleFileRequest[127.0.0.1]]:File not found: C:\Users\Administrador\Desktop\FARMACE\PEDIDOSONLINE\files\font-awesome\css\fontawesome.min.css
PEDIDOSONLINE.exe: 000020FC: 22:07:26 [HandleFileRequest[127.0.0.1]]:File not found: C:\Users\Administrador\Desktop\FARMACE\PEDIDOSONLINE\files\font-awesome\css\fontawesome.min.css
PEDIDOSONLINE.exe: 0000303C: 22:07:53 [TUniServerModule]:Shutting Down Server.
PEDIDOSONLINE.exe: 0000303C: 22:07:53 [TUniServerModule]:HTTP Server Stopped.
PEDIDOSONLINE.exe: 0000303C: 22:07:53 [TUniGUISessionManager]:Terminating Session manager.
PEDIDOSONLINE.exe: 0000303C: 22:07:53 [TUniGUISessionManager]:Stopping Cache Eraser...
PEDIDOSONLINE.exe: 0000303C: 22:07:53 [TUniGUISessionManager]:Cache Eraser Stopped.
PEDIDOSONLINE.exe: 0000303C: 22:07:53 [TUniGUISessionManager]:Destroying Worker Threads.
PEDIDOSONLINE.exe: 0000303C: 22:07:53 [TUniGUISessionManager]:Session manager terminated.
PEDIDOSONLINE.exe: 0000303C: 22:07:53 [TUniServerModule]:Server Shutdown Completed.
PEDIDOSONLINE.exe: 0000303C: 22:07:53 []:<-------------------------------------------------------------->
PEDIDOSONLINE.exe: 0000303C: 22:07:53 [Terminated]:Exit Code: 0
PEDIDOSONLINE.exe: 00002460: 22:08:05 []:>--------------------------------------------------------------<
PEDIDOSONLINE.exe: 00002460: 22:08:05 [TUniServerModule]:Server First Init.
PEDIDOSONLINE.exe: 00002460: 22:08:05 [TUniServerModule]:Erasing Cache Folder...
PEDIDOSONLINE.exe: 00002460: 22:08:05 [TUniServerModule]:Cache Folder Erased. <0> Files deleted.
PEDIDOSONLINE.exe: 00002460: 22:08:06 [TUniServerModule]:Starting HTTP Server...
PEDIDOSONLINE.exe: 00002460: 22:08:06 [TUniServerModule]:HTTP Server Started. Port: 8077
PEDIDOSONLINE.exe: 00003020: 22:08:10 [HandleFileRequest[127.0.0.1]]:File not found: C:\Users\Administrador\Desktop\FARMACE\PEDIDOSONLINE\files\font-awesome\css\fontawesome.min.css
PEDIDOSONLINE.exe: 00003364: 22:08:10 [HandleFileRequest[127.0.0.1]]:File not found: C:\Users\Administrador\Desktop\FARMACE\PEDIDOSONLINE\files\font-awesome\css\fontawesome.min.css
PEDIDOSONLINE.exe: 00002460: 22:16:35 [TUniServerModule]:Shutting Down Server.
PEDIDOSONLINE.exe: 00002460: 22:16:36 [TUniServerModule]:HTTP Server Stopped.
PEDIDOSONLINE.exe: 00002460: 22:16:36 [TUniGUISessionManager]:Terminating Session manager.
PEDIDOSONLINE.exe: 00002460: 22:16:36 [TUniGUISessionManager]:Stopping Cache Eraser...
PEDIDOSONLINE.exe: 00002460: 22:16:36 [TUniGUISessionManager]:Cache Eraser Stopped.
PEDIDOSONLINE.exe: 00002460: 22:16:36 [TUniGUISessionManager]:Destroying Worker Threads.
PEDIDOSONLINE.exe: 00002460: 22:16:36 [TUniGUISessionManager]:Session manager terminated.
PEDIDOSONLINE.exe: 00002460: 22:16:36 [TUniServerModule]:Server Shutdown Completed.
PEDIDOSONLINE.exe: 00002460: 22:16:36 []:<-------------------------------------------------------------->
PEDIDOSONLINE.exe: 00002460: 22:16:36 [Terminated]:Exit Code: 0
PEDIDOSONLINE.exe: 0000329C: 22:16:43 []:>--------------------------------------------------------------<
PEDIDOSONLINE.exe: 0000329C: 22:16:43 [TUniServerModule]:Server First Init.
PEDIDOSONLINE.exe: 0000329C: 22:16:43 [TUniServerModule]:Erasing Cache Folder...
PEDIDOSONLINE.exe: 0000329C: 22:16:43 [TUniServerModule]:Cache Folder Erased. <0> Files deleted.
PEDIDOSONLINE.exe: 0000329C: 22:16:43 [TUniServerModule]:Starting HTTP Server...
PEDIDOSONLINE.exe: 0000329C: 22:16:43 [TUniServerModule]:HTTP Server Started. Port: 8077
PEDIDOSONLINE.exe: 000010B0: 22:16:50 [HandleFileRequest[127.0.0.1]]:File not found: C:\Users\Administrador\Desktop\FARMACE\PEDIDOSONLINE\files\font-awesome\css\fontawesome.min.css
PEDIDOSONLINE.exe: 00002438: 22:16:51 [HandleFileRequest[127.0.0.1]]:File not found: C:\Users\Administrador\Desktop\FARMACE\PEDIDOSONLINE\files\font-awesome\css\fontawesome.min.css
PEDIDOSONLINE.exe: 0000329C: 22:17:48 [TUniServerModule]:Shutting Down Server.
PEDIDOSONLINE.exe: 00000FB0: 22:17:49 [Indy]:EIdNotConnected : Not Connected : Addr: $006FFF02
PEDIDOSONLINE.exe: 0000055C: 22:17:49 [Indy]:EIdNotConnected : Not Connected : Addr: $006FFF02
PEDIDOSONLINE.exe: 0000329C: 22:17:49 [TUniServerModule]:HTTP Server Stopped.
PEDIDOSONLINE.exe: 0000329C: 22:17:49 [TUniGUISessionManager]:Terminating Session manager.
PEDIDOSONLINE.exe: 0000329C: 22:17:49 [TUniGUISessionManager]:Stopping Cache Eraser...
PEDIDOSONLINE.exe: 0000329C: 22:17:49 [TUniGUISessionManager]:Cache Eraser Stopped.
PEDIDOSONLINE.exe: 0000329C: 22:18:08 [127.0.0.1]:Exception raised while destroying session: Unable to complete network request to host "35.173.243.125".
Error writing data to the connection.
PEDIDOSONLINE.exe: 0000329C: 22:18:08 [127.0.0.1]:EIBInterBaseError : Unable to complete network request to host "35.173.243.125".
Error writing data to the connection. : Addr: $00942FE3
PEDIDOSONLINE.exe: 0000329C: 22:18:08 [TUniGUISessionManager]:Destroying Worker Threads.
PEDIDOSONLINE.exe: 0000329C: 22:18:08 [TUniGUISessionManager]:Session manager terminated.
PEDIDOSONLINE.exe: 0000329C: 22:18:09 [TUniServerModule]:Server Shutdown Completed.
PEDIDOSONLINE.exe: 0000329C: 22:18:09 []:<-------------------------------------------------------------->
PEDIDOSONLINE.exe: 0000329C: 22:18:09 [Terminated]:Exit Code: 0
PEDIDOSONLINE.exe: 00002534: 22:19:09 []:>--------------------------------------------------------------<
PEDIDOSONLINE.exe: 00002534: 22:19:09 [TUniServerModule]:Server First Init.
PEDIDOSONLINE.exe: 00002534: 22:19:09 [TUniServerModule]:Erasing Cache Folder...
PEDIDOSONLINE.exe: 00002534: 22:19:09 [TUniServerModule]:Cache Folder Erased. <0> Files deleted.
PEDIDOSONLINE.exe: 00002534: 22:19:09 [TUniServerModule]:Starting HTTP Server...
PEDIDOSONLINE.exe: 00002534: 22:19:09 [TUniServerModule]:HTTP Server Started. Port: 8077
PEDIDOSONLINE.exe: 00003120: 22:19:11 [127.0.0.1]:EUniSessionException : Sessão Inválida : Addr: $007EA4D9
PEDIDOSONLINE.exe: 00001F30: 22:19:12 [HandleFileRequest[127.0.0.1]]:File not found: C:\Users\Administrador\Desktop\FARMACE\PEDIDOSONLINE\files\font-awesome\css\fontawesome.min.css
PEDIDOSONLINE.exe: 00003120: 22:19:13 [HandleFileRequest[127.0.0.1]]:File not found: C:\Users\Administrador\Desktop\FARMACE\PEDIDOSONLINE\files\font-awesome\css\fontawesome.min.css
PEDIDOSONLINE.exe: 00002534: 22:19:37 [TUniServerModule]:Shutting Down Server.
PEDIDOSONLINE.exe: 00002534: 22:19:38 [TUniServerModule]:HTTP Server Stopped.
PEDIDOSONLINE.exe: 00002534: 22:19:38 [TUniGUISessionManager]:Terminating Session manager.
PEDIDOSONLINE.exe: 00002534: 22:19:38 [TUniGUISessionManager]:Stopping Cache Eraser...
PEDIDOSONLINE.exe: 00002534: 22:19:38 [TUniGUISessionManager]:Cache Eraser Stopped.
PEDIDOSONLINE.exe: 00002534: 22:19:38 [TUniGUISessionManager]:Destroying Worker Threads.
PEDIDOSONLINE.exe: 00002534: 22:19:38 [TUniGUISessionManager]:Session manager terminated.
PEDIDOSONLINE.exe: 00002534: 22:19:38 [TUniServerModule]:Server Shutdown Completed.
PEDIDOSONLINE.exe: 00002534: 22:19:38 []:<-------------------------------------------------------------->
PEDIDOSONLINE.exe: 00002534: 22:19:38 [Terminated]:Exit Code: 0
PEDIDOSONLINE.exe: 000023C4: 22:19:58 []:>--------------------------------------------------------------<
PEDIDOSONLINE.exe: 000023C4: 22:19:58 [TUniServerModule]:Server First Init.
PEDIDOSONLINE.exe: 000023C4: 22:19:58 [TUniServerModule]:Erasing Cache Folder...
PEDIDOSONLINE.exe: 000023C4: 22:19:58 [TUniServerModule]:Cache Folder Erased. <0> Files deleted.
PEDIDOSONLINE.exe: 000023C4: 22:19:58 [TUniServerModule]:Starting HTTP Server...
PEDIDOSONLINE.exe: 000023C4: 22:19:58 [TUniServerModule]:HTTP Server Started. Port: 8077
PEDIDOSONLINE.exe: 00000C8C: 22:20:02 [HandleFileRequest[127.0.0.1]]:File not found: C:\Users\Administrador\Desktop\FARMACE\PEDIDOSONLINE\files\font-awesome\css\fontawesome.min.css
PEDIDOSONLINE.exe: 000033F4: 22:20:02 [HandleFileRequest[127.0.0.1]]:File not found: C:\Users\Administrador\Desktop\FARMACE\PEDIDOSONLINE\files\font-awesome\css\fontawesome.min.css
PEDIDOSONLINE.exe: 0000076C: 22:23:11 [HandleFileRequest[127.0.0.1]]:File not found: C:\Users\Administrador\Desktop\FARMACE\PEDIDOSONLINE\favicon.ico
PEDIDOSONLINE.exe: 000023C4: 22:25:41 [TUniServerModule]:Shutting Down Server.
PEDIDOSONLINE.exe: 000023C4: 22:25:42 [TUniServerModule]:HTTP Server Stopped.
PEDIDOSONLINE.exe: 000023C4: 22:25:42 [TUniGUISessionManager]:Terminating Session manager.
PEDIDOSONLINE.exe: 000023C4: 22:25:42 [TUniGUISessionManager]:Stopping Cache Eraser...
PEDIDOSONLINE.exe: 000023C4: 22:25:42 [TUniGUISessionManager]:Cache Eraser Stopped.
PEDIDOSONLINE.exe: 000023C4: 22:25:42 [TUniGUISessionManager]:Destroying Worker Threads.
PEDIDOSONLINE.exe: 000023C4: 22:25:42 [TUniGUISessionManager]:Session manager terminated.
PEDIDOSONLINE.exe: 000023C4: 22:25:42 [TUniServerModule]:Server Shutdown Completed.
PEDIDOSONLINE.exe: 000023C4: 22:25:42 []:<-------------------------------------------------------------->
PEDIDOSONLINE.exe: 000023C4: 22:25:42 [Terminated]:Exit Code: 0
PEDIDOSONLINE.exe: 00001DB0: 22:25:48 []:>--------------------------------------------------------------<
PEDIDOSONLINE.exe: 00001DB0: 22:25:48 [TUniServerModule]:Server First Init.
PEDIDOSONLINE.exe: 00001DB0: 22:25:48 [TUniServerModule]:Erasing Cache Folder...
PEDIDOSONLINE.exe: 00001DB0: 22:25:48 [TUniServerModule]:Cache Folder Erased. <0> Files deleted.
PEDIDOSONLINE.exe: 00001DB0: 22:25:48 [TUniServerModule]:Starting HTTP Server...
PEDIDOSONLINE.exe: 00001DB0: 22:25:48 [TUniServerModule]:HTTP Server Started. Port: 8077
PEDIDOSONLINE.exe: 0000227C: 22:25:53 [HandleFileRequest[127.0.0.1]]:File not found: C:\Users\Administrador\Desktop\FARMACE\PEDIDOSONLINE\files\font-awesome\css\fontawesome.min.css
PEDIDOSONLINE.exe: 00002144: 22:25:53 [HandleFileRequest[127.0.0.1]]:File not found: C:\Users\Administrador\Desktop\FARMACE\PEDIDOSONLINE\files\font-awesome\css\fontawesome.min.css
PEDIDOSONLINE.exe: 00001E90: 22:26:08 [HandleFileRequest[127.0.0.1]]:File not found: C:\Users\Administrador\Desktop\FARMACE\PEDIDOSONLINE\favicon.ico
