PEDIDOSONLINE.exe: 00001500: 09:49:54 []:>--------------------------------------------------------------<
PEDIDOSONLINE.exe: 00001500: 09:49:54 [TUniServerModule]:Server First Init.
PEDIDOSONLINE.exe: 00001500: 09:49:54 [TUniServerModule]:Debug Mode = ON
PEDIDOSONLINE.exe: 00001500: 09:49:54 [TUniServerModule]:Erasing Cache Folder...
PEDIDOSONLINE.exe: 00001500: 09:49:54 [TUniServerModule]:Cache Folder Erased. <4> Files deleted.
PEDIDOSONLINE.exe: 00001500: 09:49:55 [TUniServerModule]:Starting HTTP Server...
PEDIDOSONLINE.exe: 00001500: 09:49:56 [TUniServerModule]:HTTP Server Started. Port: 8077
PEDIDOSONLINE.exe: 00001540: 11:14:21 []:>--------------------------------------------------------------<
PEDIDOSONLINE.exe: 00001540: 11:14:21 [TUniServerModule]:Server First Init.
PEDIDOSONLINE.exe: 00001540: 11:14:21 [TUniServerModule]:Debug Mode = ON
PEDIDOSONLINE.exe: 00001540: 11:14:21 [TUniServerModule]:Erasing Cache Folder...
PEDIDOSONLINE.exe: 00001540: 11:14:21 [TUniServerModule]:Cache Folder Erased. <13> Files deleted.
PEDIDOSONLINE.exe: 00001540: 11:14:24 [TUniServerModule]:Starting HTTP Server...
PEDIDOSONLINE.exe: 00001540: 11:14:24 [TUniServerModule]:HTTP Server Started. Port: 8077
PEDIDOSONLINE.exe: 00001518: 11:18:43 []:>--------------------------------------------------------------<
PEDIDOSONLINE.exe: 00001518: 11:18:44 [TUniServerModule]:Server First Init.
PEDIDOSONLINE.exe: 00001518: 11:18:44 [TUniServerModule]:Debug Mode = ON
PEDIDOSONLINE.exe: 00001518: 11:18:45 [TUniServerModule]:Erasing Cache Folder...
PEDIDOSONLINE.exe: 00001518: 11:18:45 [TUniServerModule]:Cache Folder Erased. <3> Files deleted.
PEDIDOSONLINE.exe: 00001518: 11:18:49 [TUniServerModule]:Starting HTTP Server...
PEDIDOSONLINE.exe: 00001518: 11:18:50 [TUniServerModule]:HTTP Server Started. Port: 8077
PEDIDOSONLINE.exe: 00001718: 11:21:45 [Dynamic SQL Error
SQL error code = -206
Column unknown
P.STATUS
At line 2, column 88-127.0.0.1]:EIBInterBaseError : Dynamic SQL Error
SQL error code = -206
Column unknown
P.STATUS
At line 2, column 88 : Addr: $00943CDB
PEDIDOSONLINE.exe: 0000128C: 11:25:10 []:>--------------------------------------------------------------<
PEDIDOSONLINE.exe: 0000128C: 11:25:10 [TUniServerModule]:Server First Init.
PEDIDOSONLINE.exe: 0000128C: 11:25:10 [TUniServerModule]:Debug Mode = ON
PEDIDOSONLINE.exe: 0000128C: 11:25:10 [TUniServerModule]:Erasing Cache Folder...
PEDIDOSONLINE.exe: 0000128C: 11:25:10 [TUniServerModule]:Cache Folder Erased. <10> Files deleted.
PEDIDOSONLINE.exe: 0000128C: 11:25:12 [TUniServerModule]:Starting HTTP Server...
PEDIDOSONLINE.exe: 0000128C: 11:25:12 [TUniServerModule]:HTTP Server Started. Port: 8077
PEDIDOSONLINE.exe: 000004A4: 11:27:42 []:>--------------------------------------------------------------<
PEDIDOSONLINE.exe: 000004A4: 11:27:42 [TUniServerModule]:Server First Init.
PEDIDOSONLINE.exe: 000004A4: 11:27:42 [TUniServerModule]:Debug Mode = ON
PEDIDOSONLINE.exe: 000004A4: 11:27:42 [TUniServerModule]:Erasing Cache Folder...
PEDIDOSONLINE.exe: 000004A4: 11:27:42 [TUniServerModule]:Cache Folder Erased. <3> Files deleted.
PEDIDOSONLINE.exe: 000004A4: 11:27:44 [TUniServerModule]:Starting HTTP Server...
PEDIDOSONLINE.exe: 000004A4: 11:27:44 [TUniServerModule]:HTTP Server Started. Port: 8077
PEDIDOSONLINE.exe: 00000DD8: 11:40:27 []:>--------------------------------------------------------------<
PEDIDOSONLINE.exe: 00000DD8: 11:40:27 [TUniServerModule]:Server First Init.
PEDIDOSONLINE.exe: 00000DD8: 11:40:27 [TUniServerModule]:Debug Mode = ON
PEDIDOSONLINE.exe: 00000DD8: 11:40:27 [TUniServerModule]:Erasing Cache Folder...
PEDIDOSONLINE.exe: 00000DD8: 11:40:27 [TUniServerModule]:Cache Folder Erased. <4> Files deleted.
PEDIDOSONLINE.exe: 00000DD8: 11:40:29 [TUniServerModule]:Starting HTTP Server...
PEDIDOSONLINE.exe: 00000DD8: 11:40:30 [TUniServerModule]:HTTP Server Started. Port: 8077
PEDIDOSONLINE.exe: 00001560: 11:46:15 []:>--------------------------------------------------------------<
PEDIDOSONLINE.exe: 00001560: 11:46:15 [TUniServerModule]:Server First Init.
PEDIDOSONLINE.exe: 00001560: 11:46:16 [TUniServerModule]:Debug Mode = ON
PEDIDOSONLINE.exe: 00001560: 11:46:16 [TUniServerModule]:Erasing Cache Folder...
PEDIDOSONLINE.exe: 00001560: 11:46:16 [TUniServerModule]:Cache Folder Erased. <4> Files deleted.
PEDIDOSONLINE.exe: 00001560: 11:46:18 [TUniServerModule]:Starting HTTP Server...
PEDIDOSONLINE.exe: 00001560: 11:46:19 [TUniServerModule]:HTTP Server Started. Port: 8077
PEDIDOSONLINE.exe: 00001338: 13:29:10 []:>--------------------------------------------------------------<
PEDIDOSONLINE.exe: 00001338: 13:29:10 [TUniServerModule]:Server First Init.
PEDIDOSONLINE.exe: 00001338: 13:29:10 [TUniServerModule]:Debug Mode = ON
PEDIDOSONLINE.exe: 00001338: 13:29:10 [TUniServerModule]:Erasing Cache Folder...
PEDIDOSONLINE.exe: 00001338: 13:29:10 [TUniServerModule]:Cache Folder Erased. <3> Files deleted.
PEDIDOSONLINE.exe: 00001338: 13:29:13 [TUniServerModule]:Starting HTTP Server...
PEDIDOSONLINE.exe: 00001338: 13:29:14 [TUniServerModule]:HTTP Server Started. Port: 8077
